20/02/2019 19:14:38.210 [main] DEBUG org.apache.http.impl.conn.BasicClientConnectionManager - Get connection for route {s}->https://development-abh-anastasiabeverlyhills.demandware.net:443
20/02/2019 19:14:38.284 [main] DEBUG org.apache.http.impl.conn.DefaultClientConnectionOperator - Connecting to development-abh-anastasiabeverlyhills.demandware.net:443
20/02/2019 19:14:38.751 [main] DEBUG org.apache.http.client.protocol.RequestAddCookies - CookieSpec selected: ignoreCookies
20/02/2019 19:14:38.754 [main] DEBUG org.apache.http.client.protocol.RequestAuthCache - Auth cache not set in the context
20/02/2019 19:14:38.755 [main] DEBUG org.apache.http.client.protocol.RequestTargetAuthentication - Target auth state: UNCHALLENGED
20/02/2019 19:14:38.756 [main] DEBUG org.apache.http.client.protocol.RequestProxyAuthentication - Proxy auth state: UNCHALLENGED
20/02/2019 19:14:38.756 [main] DEBUG org.apache.http.impl.client.DefaultHttpClient - Attempt 1 to execute request
20/02/2019 19:14:38.756 [main] DEBUG org.apache.http.impl.conn.DefaultClientConnection - Sending request: GET /s/AnastasiaUS/dw/shop/v18_8/content/about-us?client_id=0531126e-272d-462a-b967-e25abdf45bbc HTTP/1.1
20/02/2019 19:14:38.757 [main] DEBUG org.apache.http.wire -  >> "GET /s/AnastasiaUS/dw/shop/v18_8/content/about-us?client_id=0531126e-272d-462a-b967-e25abdf45bbc HTTP/1.1[\r][\n]"
20/02/2019 19:14:38.758 [main] DEBUG org.apache.http.wire -  >> "Content-Type: application/json; charset=UTF-8[\r][\n]"
20/02/2019 19:14:38.759 [main] DEBUG org.apache.http.wire -  >> "Origin: https://www.dummyapi.com[\r][\n]"
20/02/2019 19:14:38.759 [main] DEBUG org.apache.http.wire -  >> "Accept: */*[\r][\n]"
20/02/2019 19:14:38.759 [main] DEBUG org.apache.http.wire -  >> "Host: development-abh-anastasiabeverlyhills.demandware.net[\r][\n]"
20/02/2019 19:14:38.759 [main] DEBUG org.apache.http.wire -  >> "Connection: Keep-Alive[\r][\n]"
20/02/2019 19:14:38.759 [main] DEBUG org.apache.http.wire -  >> "User-Agent: Apache-HttpClient/4.5.3 (Java/1.8.0_45)[\r][\n]"
20/02/2019 19:14:38.760 [main] DEBUG org.apache.http.wire -  >> "Accept-Encoding: gzip,deflate[\r][\n]"
20/02/2019 19:14:38.760 [main] DEBUG org.apache.http.wire -  >> "[\r][\n]"
20/02/2019 19:14:38.760 [main] DEBUG org.apache.http.headers - >> GET /s/AnastasiaUS/dw/shop/v18_8/content/about-us?client_id=0531126e-272d-462a-b967-e25abdf45bbc HTTP/1.1
20/02/2019 19:14:38.760 [main] DEBUG org.apache.http.headers - >> Content-Type: application/json; charset=UTF-8
20/02/2019 19:14:38.760 [main] DEBUG org.apache.http.headers - >> Origin: https://www.dummyapi.com
20/02/2019 19:14:38.760 [main] DEBUG org.apache.http.headers - >> Accept: */*
20/02/2019 19:14:38.761 [main] DEBUG org.apache.http.headers - >> Host: development-abh-anastasiabeverlyhills.demandware.net
20/02/2019 19:14:38.761 [main] DEBUG org.apache.http.headers - >> Connection: Keep-Alive
20/02/2019 19:14:38.761 [main] DEBUG org.apache.http.headers - >> User-Agent: Apache-HttpClient/4.5.3 (Java/1.8.0_45)
20/02/2019 19:14:38.761 [main] DEBUG org.apache.http.headers - >> Accept-Encoding: gzip,deflate
20/02/2019 19:14:39.899 [main] DEBUG org.apache.http.wire -  << "HTTP/1.1 200 OK[\r][\n]"
20/02/2019 19:14:39.903 [main] DEBUG org.apache.http.wire -  << "Date: Wed, 20 Feb 2019 13:44:39 GMT[\r][\n]"
20/02/2019 19:14:39.903 [main] DEBUG org.apache.http.wire -  << "Content-Type: application/json;charset=UTF-8[\r][\n]"
20/02/2019 19:14:39.904 [main] DEBUG org.apache.http.wire -  << "Transfer-Encoding: chunked[\r][\n]"
20/02/2019 19:14:39.904 [main] DEBUG org.apache.http.wire -  << "Connection: keep-alive[\r][\n]"
20/02/2019 19:14:39.904 [main] DEBUG org.apache.http.wire -  << "Set-Cookie: __cfduid=dcc980d6e00614c521f31115f93c577061550670278; expires=Thu, 20-Feb-20 13:44:38 GMT; path=/; domain=.demandware.net; HttpOnly[\r][\n]"
20/02/2019 19:14:39.905 [main] DEBUG org.apache.http.wire -  << "Accept-Ranges: bytes[\r][\n]"
20/02/2019 19:14:39.905 [main] DEBUG org.apache.http.wire -  << "x-dw-request-base-id: QxIXUMdZbVwBAAB_[\r][\n]"
20/02/2019 19:14:39.905 [main] DEBUG org.apache.http.wire -  << "Access-Control-Allow-Origin: https://www.dummyapi.com[\r][\n]"
20/02/2019 19:14:39.906 [main] DEBUG org.apache.http.wire -  << "Access-Control-Expose-Headers: etag,location,x-dw-version-status,x-dw-resource-state,authorization,x-dw-request-base-id[\r][\n]"
20/02/2019 19:14:39.906 [main] DEBUG org.apache.http.wire -  << "Access-Control-Allow-Credentials: true[\r][\n]"
20/02/2019 19:14:39.906 [main] DEBUG org.apache.http.wire -  << "Allow: GET,HEAD,OPTIONS[\r][\n]"
20/02/2019 19:14:39.907 [main] DEBUG org.apache.http.wire -  << "x-dw-version-status: deprecated[\r][\n]"
20/02/2019 19:14:39.907 [main] DEBUG org.apache.http.wire -  << "Cache-Control: max-age=522,must-revalidate[\r][\n]"
20/02/2019 19:14:39.907 [main] DEBUG org.apache.http.wire -  << "Content-Encoding: gzip[\r][\n]"
20/02/2019 19:14:39.908 [main] DEBUG org.apache.http.wire -  << "Vary: Accept-Encoding[\r][\n]"
20/02/2019 19:14:39.908 [main] DEBUG org.apache.http.wire -  << "Expect-CT: max-age=604800, report-uri="https://report-uri.cloudflare.com/cdn-cgi/beacon/expect-ct"[\r][\n]"
20/02/2019 19:14:39.908 [main] DEBUG org.apache.http.wire -  << "Server: cloudflare[\r][\n]"
20/02/2019 19:14:39.908 [main] DEBUG org.apache.http.wire -  << "CF-RAY: 4ac168ba7c8a8a4f-BOM[\r][\n]"
20/02/2019 19:14:39.909 [main] DEBUG org.apache.http.wire -  << "[\r][\n]"
20/02/2019 19:14:39.911 [main] DEBUG org.apache.http.impl.conn.DefaultClientConnection - Receiving response: HTTP/1.1 200 OK
20/02/2019 19:14:39.911 [main] DEBUG org.apache.http.headers - << HTTP/1.1 200 OK
20/02/2019 19:14:39.911 [main] DEBUG org.apache.http.headers - << Date: Wed, 20 Feb 2019 13:44:39 GMT
20/02/2019 19:14:39.912 [main] DEBUG org.apache.http.headers - << Content-Type: application/json;charset=UTF-8
20/02/2019 19:14:39.912 [main] DEBUG org.apache.http.headers - << Transfer-Encoding: chunked
20/02/2019 19:14:39.912 [main] DEBUG org.apache.http.headers - << Connection: keep-alive
20/02/2019 19:14:39.913 [main] DEBUG org.apache.http.headers - << Set-Cookie: __cfduid=dcc980d6e00614c521f31115f93c577061550670278; expires=Thu, 20-Feb-20 13:44:38 GMT; path=/; domain=.demandware.net; HttpOnly
20/02/2019 19:14:39.913 [main] DEBUG org.apache.http.headers - << Accept-Ranges: bytes
20/02/2019 19:14:39.913 [main] DEBUG org.apache.http.headers - << x-dw-request-base-id: QxIXUMdZbVwBAAB_
20/02/2019 19:14:39.913 [main] DEBUG org.apache.http.headers - << Access-Control-Allow-Origin: https://www.dummyapi.com
20/02/2019 19:14:39.914 [main] DEBUG org.apache.http.headers - << Access-Control-Expose-Headers: etag,location,x-dw-version-status,x-dw-resource-state,authorization,x-dw-request-base-id
20/02/2019 19:14:39.914 [main] DEBUG org.apache.http.headers - << Access-Control-Allow-Credentials: true
20/02/2019 19:14:39.914 [main] DEBUG org.apache.http.headers - << Allow: GET,HEAD,OPTIONS
20/02/2019 19:14:39.914 [main] DEBUG org.apache.http.headers - << x-dw-version-status: deprecated
20/02/2019 19:14:39.915 [main] DEBUG org.apache.http.headers - << Cache-Control: max-age=522,must-revalidate
20/02/2019 19:14:39.915 [main] DEBUG org.apache.http.headers - << Content-Encoding: gzip
20/02/2019 19:14:39.915 [main] DEBUG org.apache.http.headers - << Vary: Accept-Encoding
20/02/2019 19:14:39.915 [main] DEBUG org.apache.http.headers - << Expect-CT: max-age=604800, report-uri="https://report-uri.cloudflare.com/cdn-cgi/beacon/expect-ct"
20/02/2019 19:14:39.916 [main] DEBUG org.apache.http.headers - << Server: cloudflare
20/02/2019 19:14:39.916 [main] DEBUG org.apache.http.headers - << CF-RAY: 4ac168ba7c8a8a4f-BOM
20/02/2019 19:14:39.926 [main] DEBUG org.apache.http.impl.client.DefaultHttpClient - Connection can be kept alive indefinitely
20/02/2019 19:14:39.944 [main] DEBUG io.restassured.internal.RequestSpecificationImpl$RestAssuredHttpBuilder - Parsing response as: application/json;charset=UTF-8
20/02/2019 19:14:39.945 [main] DEBUG org.apache.http.wire -  << "594[\r][\n]"
20/02/2019 19:14:39.945 [main] DEBUG org.apache.http.wire -  << "[0x1f][0x8b][0x8][0x0][0x0][0x0][0x0][0x0][0x0][0x0][0xb4]Y[0xed]n[0x1b][0xb9][0x15]}[0x15]"?[0xba]$9^[0xec][0xa6][0xd9][0xac][0x1b][0xc0]I[0x9c][0x8d]Q'[0xe]bg[0x8b][0x2][0x1][0x2]j[0x86][0xd2]p=CNI[0x8e][0x14][0xa5]([0x90]wh[0xff][0x14]h_[0xa1][0xf][0xd1]G[0xc9][0x93][0xf4][0x9c]K[0x8e]${[0x9d]E[0xbd]ElV[0x1a]s[0xc8][0xfb]q[0xee][0xb9][0xe7]R[0xbe][0xf7]~u[0xef][0xd1][0xbd][0xc3][0x87][0xb3][0x87][0xf7]&[0xf7][0xde][0xa7]Mo[0xf0][0xb5][0xf2].[0x19][0x97][0xf0][0xc4][0xd6][0xf8][0xaa][0xe7]~H[0xd3]![0xe2][0xbb][0xd3][0x1d][0x17][0x1c][0xf3][0x89]z[0xcb]'[0xbd]^[0x9a][0xf7][0xb5][0x89]U[0xb0]}[0xb2][0xde][0xe1][0xaf]gF[0x7][0xa7][0xe4]-[0x95][0x1a][0xa3][0x1a][0x1b][0x93][0xf][0x1b][0xe5][0x17][0xca][0xf]AU[0xbe][0xeb][0xb5][0xdb]([0xed]jU[0xdb]X[0xf9][0x95][0x9][0xaa][0xf1]k[0xb5][0xf0][0x83][0xab][0xf1][0xf9][0xd8][0xe9][0x98]t[0xb4]Z]x[0x1d][0x8c]j[0xf5][0xe0][0xaa][0xc6][0xd4][0xb2]Y[0x1f]LLvi[0xb0]M[0xec]L[0xb2]UT[0xf3][0xc0][0xad][0x82][0xf7][0x9]k[0xac][0x93]e?[0xf8][0xb6]6N[0xbd][0xd1][0xb0]INZ[0xc][0xa6]-[[0xcc][0x3][0xe][0xb]f[0xe5][0xdb][0x81][0x16][0xcf][0xe0]E[0xf5]~[0xee][0xeb][\r]l?[0xaa][0xed]JU[0xad][0x8e][0xf1]w[0xef][0xc4][0xb7]i[0xb2][0xa9]5[0xef][0xee]=~[0x17][0xde]9[0xa5][0x8e][0x9a][0xc3][0xc7][0xd9][0xfb][0x9d][0x95]O[0xc]<h7[0xea][0x85]m[0xdb]xt[0x80][0x15]\{t[0x80][0xad][0xf2][0xa7][0xfd]=c[0xaa]w[0x9b][0xf5]*[0xa6]Mk[0xf0]8[0x99][0xf]i[0xaa][[0xbb]t[0x8f][0xd4]O[0x3]<\l[0xbe][0xc7][0xba]7[0xbe][0xd3][0xce]j7[0x9d]{[0x84]tn[0xf4][0x90]6[\n]"
20/02/2019 19:14:39.947 [main] DEBUG org.apache.http.wire -  << "[0xa9][0x9][0x6]qpf[0xf8][0x85]`5[0x88]$[0xd3][0x15][0xf5][0x95])!Z[0xdb][0xd4][0xa8][0x1b][0xf6][0xaa]E[0xab][0x97][0xb1][0xb1]0E[0xb7][0xde]1~[0x87][0xdf]}[0xf7][[0x89][0x19][0x83]U[0xb2][0xf5][0xf9][0xd3][0xdf][0xb1][0xd4][0x86][0x98][0x90][0x1]_[0xf]UR[0xad]u[0x86][0xcb][0xbf][0xbe][0xff][0xfe]L[0xbd][0xb9][0x16][0xfe][0xa8][0xab][0x80]oK[0xe3][0x91][0xa3][0x9c][0xfa][0x9b]Y[0x99][0xa8][0xe3]'/[0x14][0x96][0xe9]d[0xe2]mi][0xf8][0x0]c{[0x84][\r]I[0xc2]"[0x1e][0x1c][0x87][0xe]n[0xe9][0xa1][0xb6][0xc6]Ufvt[0xd0][0xff][0xd7][0xa1][0xcc]"
20/02/2019 19:14:39.949 [main] DEBUG org.apache.http.wire -  << "[0xe1]Y[0xeb][0xd1][0x8d][0xe4]al[0x12]_[\n]"
20/02/2019 19:14:39.949 [main] DEBUG org.apache.http.wire -  << "$b[0xa3]{[0xeb][0x96][0xe2]zq[0x12][0xe0][0xd2][0x11][0x8e] 0[0x8c]g[0xaf]Y[0x17][0xf8]~[\r]^'[0x1b]#[0xef]_[0x94][0xf7]_[0x9a][0xd4][0xf8]z"[0xfb][0xd8][0x88][0xa8][0xd7][0x6][0xd1]f@,[0xdf][0xa5]_D#[0x97]2([0xdd][0xd0]&;[0xed][0x90][0xc][0xf8][0xa9]j[0xdf][0xb6]:[0xa8][0xf9][0x10][0x11][0xde][0x18][0xb1]B'[0x15][0x87][0x10]X[0x1c]1[0xa7][0x4]V,QP3[0xf5][0xda][0xf7][0x3]V[0xdb][0x8f][0x82]l,Y6[0xaa][0x82][0xcb][0x9e]Q[\n]"
20/02/2019 19:14:39.949 [main] DEBUG org.apache.http.wire -  << "[0xa6][0xa5]y[0x8e][0xc9][0x8d]9[0xf7][0x11][0x18]s[0xb1][0xf6][0xa1][0xad]%[0xad][0x9d]G8[0x82][0xa9][0xfc][0xd2][0xd9][0x8f]z[0xde][0x1a][0xb5][0xd0][0x95][0x89][0x13]Y[0xf6][0xf9][0xd3]?n[0xd4][0xcb][0xe7]O[0xff]D[0xa8][0x90]z,[0xa7]?[\r]B:[0xc7][0xdb][0xd8]Z[0x3]~[0xae][0xee]t[0xb8]R[0xe4][0x90]`[0xe7][0xf2][0x6]c][0xb0][[0xb8]`[0xa6]N[0x9][0x9c][0xc3]o2[\n]"
20/02/2019 19:14:39.949 [main] DEBUG org.apache.http.wire -  << "j[0x83][0x85]D[0xf][0x2][0xee][0xcc][0x1a]/[0xb7][0x8]R[0x7][0xe4][0xe]}[0xc6][0x19]69u[0x0][0xfa]2[0xe8]n[0x2][0x1f][0x11][0xb2][0x15][0xbc]c[0xb6][0xae]9[0x9a][0xfd][0x1c]c@[0x10][0xe1]sN[0xe0][0x88][[0x83]e=2[0x14][0x12][0xec][0x9][0x9b][0x9c]+@[0xb0][0xc7].ve$[0xf2][0x80]2[0x12][0x87]oa[0xcc][0x14]b[0xc1][0x83];[0x1][0xa3]omd[0x9d][0xb5][0xde]_1$L[0xeb][0xba][0xb1]US8[0xa6]d[0xff][0xca][0xf9][0xb5][0x9b][0x89][0x97][0xc][0x14][0xc2]l[0xb0]%[0xb][0xa5][0x1e]x[0xf4][0x94][0xf0][0x18][0xa3]/[0xc1][0xe2]F[0xb5]][0xda][0xa4][[0xac]r~%[0xc6][0x8a][0x85][0x8e][0xf0][0xf7]CT[0xba]B[0x88]4hWVo[0xc1][0x1a][0x7][0x1c][0x8f]S[0x18][0x9f][0xa9]0[0xe][0xb][0xe9][0x9][0xf3][0xf7][0x7][0xfb]q[0xa2][0x9e]")[0xa4][0xe0][0xdf][0xdb][0x94]]>[0xb3][0x1a],[0xff][0xd7][0xa3]N[0xaa][0xab];[0x15][0x14]][0xda][0x9e][0xcc][0xda][0xd2]+m[[0xc1][0xf] [0xab]G^[0x9a]g[0xb6]iH63[0xa0]d[0xa2][0x9e]YB\[0xb0]7Q/u[0xb5][0xc9][0x9f]^[0xf9]P#"\qa[0xfa][0xc6][0x7]=Qo[0xcf].[0x8f][0xb3][0xa5][0x11][0xf4]][0x11][0xa6][0x9][0x87]0[0xb3]H[0x8f]t[0x8e][0xaf][0xbf][0x5]\[0x6][0x82][0xcd][0xc4][0x1c]gD[0x1d][0xe7]t6[0x11]R[0x80]^[0x15]Pmi3][0x4]c[0xb6](@[0xdc]Px[0x5][0x7][0x89][0xe4][0xe3][0x96][0xf9][0xa4][0x1a][0x6][0xb7][0xbe][0xef]P[0xe9]w[0x8a][0xc7]o[0xdc]<[0xf6][0xdf][0xdf][0xe5][0x8d][0xa3][0xf9][0xe3][0xa7]'[0xe7]([0x81]W[0xc7][0x17][0x97][0xc7][0x17][0xa7][0xc7][0xea][0xe2][0xfc][0xf8][0xcd][0xc9][0xd1][0xc1][0xfc][0xf1]][0xb6]y[0x92]K[0xab][0x87]+[0xc6][0x84]I[0xe6]T[0x80]L[0xad][0xac]Pg[0xc8][0xbd][0xb6][0xf7]k[0x13][0x1a][0xa0][0xc7][0xfc]r[0x7]A[0xf8][0x9e][0xe7]N[0xc][0xc0][0xd0]<[0x9]J[0xb0]+[0x96][0x1][0xc2]F[0xba]4[\r][0xf0][0xfb][0xa5][0x16][0xf8][0xf9][0xd3][0xdf][0xbc][0xdb][0xf2][0xcc][0x2]k[0x10][0xde][0xe9][0x12]([0xe4][0xe]R[0x19]ql[0x14][0xcb][0xd6][0xcf][0x81][0xf3][0xc2][0xe]cQ[0xcc]FS[0x90]ET|[0xc9]#[0xd7][0xbf][0xbd]P[0xb]@D[0x95][0xc6][0x98]C[0xa4][0xa4][0xea][0xd9][0x94]A?[0xcb][0x1]][[0xc5]+in[0xa4]Z[0xeb][0xb4][0xab],[0xe][0xe9][0x8c]v[0xf1]{[0x1c][0x2][0x83]t-[0x1c][0xd6][0xd2]n[0xac][0xaf]A#[0xb]k[0xe8][0x1b]X[0xc0][0xb7][0x8][0x1e][0xbd][0xde]R[0x5][0xcd][0x5]Y[0xc8]C[0x1d][0xaa][0x6][0xc4]W[0xa5][0x1][0x16][0xc2],r[0xb9]t[0x87][0xfd][0xa8][0xf2][0xbc][0x1c]~ygp(4[0xec][0xd9][0x3]~[0x9a][0x14]1[0x12][0xa2][0x10]![0x1a][0xee][0xfd]I[0xe6][0xd4][0xb1]#[0xd1] 2a[0xa1][0xdf]i[0xe9]M[0xc2][0xbd]&[0xac]l%GW-[0xfa]`b[0xc0][0x81]d[0x13][0xc6]hl[0xdb][0x94][0x8e]#o[0xed]7,n[0xd2]I[0x8f][0xc2][0x8b][0xd2]_[0xc8]LK[0x9f]iVL+l[0x8e][0xec][0xf6]([0xe7][0xf1]D[0x9][0x9]R$[0x84](<]:[0x11][0xc3][0xd3]y [0xc6]m[0xdd][0xca][0x9]d[0x17][0xb0]n[0x0]Oa[0xdb]~[0x88][0x8d][0x9a][0x13]Z[0x9a][0xc5][0x8a]G[0xb5][0x6][0xf5][0x9a][0xf][0x10][0x18][0xb5]@[0xc3]l[0xbc][0xab]s[0x1d]m[0x85][0xda][0xf6][0xc]a[0xf6][0x9b][0x92][0xa4]E&[0xf9][0xea][0xcf][0xf5][0xc3][0x18][0xc][0xb6][0x8f][0x99]z[0x81][0xfc]T[0xba][0xd7][0x95][0x5][0xcc][0x84]a[0xb][0xa0][0x9]K[0xd9]7w[0xcf][0x1b][0x84][0xeb][0xc3]R[0xb3])[0xf2][0x1]2*[0xdd][0x84]A[0xda]5[0x98]k[0xdd][0xaf][0xd1]m+"
20/02/2019 19:14:39.950 [main] DEBUG org.apache.http.wire -  << "[\r][\n]"
20/02/2019 19:14:39.952 [main] DEBUG org.apache.http.wire -  << "709[\r][\n]"
20/02/2019 19:14:39.952 [main] DEBUG org.apache.http.wire -  << "[0xdd][0xf][0xd8]'"h[0x1d][0x16][0xb1]/[0x8d]z[0x8a][0x4]%%PB$^,[0xed]"1Y[0xb9][0x1f][0x95]8[0xef][0x95]hf4[0xa4][0xa2][0xcb]y[0x9d][0xb3][0xa2][0x95][0x81]4[0x91][0xb5]([0x11]d[0xe7]F[0xe7][0xe3][0xd7]my4([0x99]([0xa1]s[0xce][0x90][0xaf]k[0xb0][0xa8][0xa4]m[0x85][0xf6][0x83][0xd2][0x1a][0xd0][0x95][0x81][0xd9][0x98][0x99][0x2][0xef][0x8b][0xbf][0xc0]+[0xb4]<[0xca][0xc7][0xd0]6fn'[0x1d]rLG)[0xa6]"R[0x12][0xb7]%[0x9d][0xed][0xa2][0xcd][0xc1]F[0xbc][0xdc]Q[0xf0]#(l[0xf0]"7[0x16][0xba]c[0x1f]+B[0x3][0xf6][0xb1][0x8b]oF[0x9d]U[0xca][0xa5][0x14][0x10][0xdf][0x3]@`[0xe9][0xb0][0xa3][\n]"
20/02/2019 19:14:39.952 [main] DEBUG org.apache.http.wire -  << "[0xe0]I#"[0xa0]@[0x1e]j[0x83]b[0x9b][0xbd][0xbb][0x1e]d[0xfa]P[0x90][0xd6]HOFxlE[0xd4][0xa7]A[0x18][0x8a][0xb6][0xa4]5b[0x8e][0xe6]AB[0xdd] [0x1a][0xea]'tPg[0xc4][0x2]4[0xa5][0xc5][0xb4]C[0x8e][0xaf][0xa7][0x8b][0xbe][0x1f]#[0x9][0xb6]B[0x96][0xd0][0x93]+[0xca][0x89][0xa2]{.[0x1a]S0[0x83]r\[0x80][0xa8][0x87][0x90]e[0xf3]%[0xfe][0xf0][\n]"
20/02/2019 19:14:39.952 [main] DEBUG org.apache.http.wire -  << "5[0xf5]G[0xf][0xfc]\[0xda][0x8e]q[0xe1][0xb3][0x1f][0x6][0xf4]J[0x8c][0x0][0x13][0xf5][0xda]x@`[0xa2]~[0x4]$[0x11][0x81][0xe7][0xda][0x82][0xa1][0xf4][0xcb][0x1][0xcf]NZ[0xfe]E[0xe]n[l[0x89][0xcf][0x9d]g[0x95][0x8e][0x8a][0xc1]'[0x11][0xb0][0xc3][0xbc][0xb5][0x99][0xd2][0xe2]dD[0x7][0xdf][0x92]8H[0xb6][0xb3]X[0x12]%[0x91][0xd0]sK[0xe]"[0x6][0xb4]H[0x88][0xd2][0xa4]g[0xbe][0x82]3[0xea][0xfc]#[0xbc][0xf1][0xeb]l[0xe6]y[0x1f]t[0x3][0x95][0xe1][0xd0]e7[0xe5][0xf9]^[0x1c][0x4][0xe6][0xaf][0x90][0x9]u[0xe9]{[0xf5][0x12]\[0xd1][0x96][0x2][0xf8][0x8a][0xb1][0x0][0x8f]1[0xc9]%[0xb9][0xb2]X[0xda][0x95][0xd0]>[0x0][0x18][0xd9][0xae][0xc1][0x14][0xe0][0xb5]Z[0xb8]D[0xaa][0xcb].[0xd0][0xa8][0xe1][0xe4][0x9a]![0x13][0xfd][0x5][0xe8][0xe7][0xc2]EJ[0xdb]:[0x94]/D%[0xe8][0x1][0xd2][0x4][0x92][0x8d]%DH[0xd1][0xe8]m[0x3][0x1b]C[0xf1]$[0xd8]e[0x3]&U/P[0xe][0x1f][0xe1][0xb7]t[0xc2][0xa2][0x12][0xb2][0xba][0x8b]C[0xdf][0xfb][0x90]r[0xa5][0xe8]z[0x95][0xab][0x83]GP+Fn[0xbd][0xc1]K[0x10][0xa6]5TX[0x84][0xd1]6[0x8d][0x2]r[0x1][0xe8][0xb][0x11][0x1]yq[0x83][0xcf][0xdd][0x9d] ;Zy4[0xf][0xd4][0xe][0xaf][0xdf][0x9c]\[0x9c]>;yu[0x89]>}v[0xfc][0xf6][0xd9][0xaf][0xd5][0xf]_h[0xe3][0xea]58[0x15][0xec][0x80]p=mY[0xe7][0xdb][0x11][0x13][0xac][0x16][0xc6][0xc4][0xe0][0xf2]i[0xf2]S[0xfc]Oy[0x10]H[0xc1][0xd8]Vo[0xed][0xa9][0xaa][0xc][0xc][0xf2][0xa4]IES[0xec]4[0xb3][0xec]5[0xa7]`@q[0xb5][0xb7]S{[0xe1][0xf4][0xe3]lD[0xad][0x87][0x9c]3D[0x9e][0xec][0xfa][0xfc][0xf6]k[0x4][0x19]g`}[0x7][0x3][0xc1]O[0x8e]m[0xe][\n]"
20/02/2019 19:14:39.953 [main] DEBUG org.apache.http.wire -  << "1L[0xe3][0xc0]1f[0x8c][0xad][0xf9]`[0xaa][0x81][0xea]i[0x2]V[0xc6]$ H[0x3][0xb7][0xa8][0x15][0x4]ieYJ7[0xfb]|[0xec]m[0xb0][0xa9][0x94][0x11][0xf0]9[0x5]n[0xd0][0xd4][0x80]{a[0xc6][0xb1][0xb5][0xd0]V[0x12][0x8][0xf9][0xe][0x80][0xa5]k@<#[0xbe][0x81]n[0xd9]d[0x7][0xb8]h[0xbf][0xe9]d[0xb5][0xc3][0xa9]AnWl[0x1e]\1[0xaa]cV[0x11][0x96][0x96][0xc6]ZbL[0x9d]e[0x2][0x2][0xa3][0x2][0xba]b[0x5][0xd3][0xae]w[0x91][0x9d]3[0x2][0xf3][0x89][0xda]r[0xe0][0xe8][0xbd][0xb0][0xd2]vR[0x95][0x8e][0xb2][0xd7][0xc3]jS[0x9][0x1b][0x94][0xa9][0xb4][0xd1]+[0x19]F5[0x86]P.g[0xf0]9Us[0x10]I[0xa5][0xa5]g[0x16][0xba]e[0xde][0x4]Q[0xb4][0x3][0xcc]c[0x0]o\[0xe5]DI[0xad]48[0x82]Q[0xd7][0xbe]/[0xe9][0x8d][0xbe][0x8]9[0x82][0xb1][0x87][0xe6]!-[0xc4]=?[0x94][0x90][0xb1][0xce]b[0x8d][0x82][0x10]/q[0x2][0xa3])[0xf4]}l[0x8f][0x10]>[0x1a]R[0xa4][0xc5][0x94].[0x1c][0x1e][0xcc]R[0x86][0x1][0xb7][0xdc][0x92][0xe2][0x9e]T[0xdb][0x1b][0xa9])[0xac][0x98][0x96][0xb5]`[0xe9][0xda][0xf8]#[0xd1][0xaf][0xcb]$I[0x8a][0xc8]L[0x8a][0xa8]C[0x8f][0xb7]S[0xcc][0x8d][0x86][0x8d][0xbb][0xc][0xfa]B[0x14]P$2[0xc7][0xca][0xad]@[0xdb][0x92][0xf1][0xa2]4[0xc3][0xda]tB\[0xbe][0x9f]"[0xcd][0xf4][0xb2][0x14][\n]"
20/02/2019 19:14:39.953 [main] DEBUG org.apache.http.wire -  << "g[0x96]L=;q[0x8f][0x14]K[0xd0]N[0xdd]n[0xaa],[0x1d][0xb4][0xf7]Q[0x86]J[0x19]nr[0x94][0xfa][0x1][0xf6][0xc2]z[0xfa][0xcd][0x1d][0xd7]h/[0xa3]P[0xdc]V[0xe0][0x18][0x85]|U[0x92]'[0xf0][0x5][0xd0][0xb4][0x84]V[0xce]%<B[0xb8][0xb6][0x0]gj[0x8b]<#[0x4]v[0x9e][0xc8][0x8][0x9c][0xf3]\[0xf1][0xfb][0xb5]+[0x17]vY3[0xf5][0x8b])[0xe][0x9e]"][0x93][0x9d][0xf1][0xb5][0x81]h[0xcf][0xa5]_[0xe2][0x9b]O[0x91]\ t[0xec]iw"N[0x8][0xe0]/[0x91][0x9c]-L[0x6][0x19](G[0x16]10v[0x89][0xe][0x9][0x93][0xd6])[0xc8][0xc5][0xee]AcL[0xb5][0x12][0xf7]Q[0xdf][0xc7][0x2][0xb8][0xdb][0xa4][0xdb]L[0xbd]D[0x82]t[0xbc][0x92][0x83][0xa0]Yh[.[0x9f][0xf2][0xfa]V[0xd6][0xd6][0x1b][0xa7];[0xc8][0x8f][0x95][0xa7][0xd6][0x1e]/Kw[0x80]]S+r[0xcc][0xc6]+Nl[0xc5][0x18][0xd3][0xcd][0xa0][0xe6][0xff][0xcf]S*[0x87]r[0xb7]|[0xbc][0x9d]R[0xbf][0xba]P?[0x9c][0x9f][0xa1][0xf1][0xa8]7[0xc7][0x97][0xa7][0xe7][0xff][0xfe][0x97]zyr[0xf9][0xe2][0xfc][0xd9][0xb8]uY[0xc7]I[0x18]9:[0x87][0xc3]fcr9[0x11])[0x18][0xd5]Hc-1[0xae][0x1]B[0x19][0x3]c[0xef][0xd1]N[0xa8][0xde][0xa5][0x0]Yi[0xa3]\[0xc7][0xbc]HjH[0x94][0x92]:[\n]"
20/02/2019 19:14:39.954 [main] DEBUG org.apache.http.wire -  << "[$[0xec][0x94]r[0x90][0x8b]r[0xcc]<[0x1d]@L[0x1b][0x6][0xf][0xd3][0xd1]_o[0xf6][0x8a][0xe2][0x89][0xb4]Y[0xfc]w[0xc7]~z[0x9a]J[0x13][0x3][0x97][0xae][0xd1][0xc4][0xa6]5[0xc6][0x86][0xa2][0xdc][0xe5][0xca]Bn[0xfd][0x80]>[0x83]4jr[0xc2]R[0xb4][0xf5][0x1c]<q[0x95][0xa5][0x82]uW([0x18]$[0xdd][0xba][0xaa][0x1d][0x84]I_o[0x80][0x1a][0xc]B[0x1a]|wfX[0xf9][0xb5]W[0xcf][0xb4][0xfa][0x11]K[0xec]([0xfd][0xe6][0x6][0xbc]w"[0x13][0xae]u[0xe3]t'w[0xf0]CGB[0xdd][0xc8]x[0x8f]r[0x84][0x0][0x93]`[0x8e][0xd7]~h[0x88]"E[0xc5]r[0x90][0x7][0xcc]D[0x93][0x1][0xf]E[0xe2]u[0x81][0xd6][0x97]t[0xfb]([0xb][0xd2][0xbd]Qr[0x86]'[0x96][0xac][0x8b]3[0xf0][0x8f][0xf4][0x1c]i[0xfd]#[0x81][0x0][0xc6][0x87][0xb3][0x7][0x87][0xf]y[0xd6][0xa1][0xf8][0xb3]wI[0x6][0xa6]k[0xc5][0xa0][0xa5][0xdc][0x2]30[0xba][0xdc][0x1f][0xf][0xdd]"
20/02/2019 19:14:39.955 [main] DEBUG org.apache.http.wire -  << "8.[0xf4][0xa8],[0xb9]RX,[0x84]C[0xf0][0xd7][0xab][0xac][0xbe][0x17][0xb6][0x8c][0x8d][0xba][0xa5][0x8][0x3][0x95]o:[0xb9]n[0xce][0xd1]([0x93][0xe8][0xdd][0x1][0xea][0xd8][0xd1][0xf3][0x98][0x95][0xe8][0x1e][0x6][0x80][0xd3][0xd9][0xb3][0xc9][0x1e]X[0xf2][0xed]5g[0xf5]q[0xc0][0xe7][0xb9]L[0xe3][0xd8][0xf4][0xf3][0x9c]-[0xbd][0xab][0xdc][0xe]s[0xa8][0x5]Y?[0xd9][0x14][0xa2],[0xda]0[0x12][0xcc]L%$~[0x9c][0x94]am[0xc0][0xa1][0xf9][0xc][0xe][0xe3]F[0x18][0x89][0xd7][0xf][0xa6]t`[0xf6][0x86][0xcc][0xbe][0xc8]PW[0x9a]O[0xd6]3[0x8a][0x13][0x17][0xc7]+9[0xd8][0xfc][0x8a]0[0xe4][0x9a][0xe4][0xe5]a[0xa4][0xfc][0xa7]-s[0xb3][0xe4][0xad][0xe8]H[0xf9]z[0xe]8[0x17]4[0xd7]uk[0x8a][0xf6][\r][0x10]W[0xe0][0x0][0xdb][0xc6][0x99][0x0][0xa6][0x81][0xd8]0[0xfc][0xe1][0xc0][0xdb]L[0xaa]|[0x83]n[0x8c][0xdb][0x96][0xa9]T[0x9e]'[0xe8][0x8c][0xb2][0x4][0xbb][0x98][0x1d]=[0xee][0x8e][0xe0]7(.[0x6]q[0xdf]8[0xc3]_8[0xa4]-gi[0x8a]!-[0xec]mE[0x83]v[0xf3][0xef]v[[0x88][0x4][0xea][0x82]k[0xab]Q&[0x13]2[0xc3].[0xd1]Qo[0xe2][0xec]c[0x5])[0x94][@[0x0][0x81][0x16][0x98][0x4][0x14][0x11][0x8a]W[0x8d]EkD[0xc6],[0xbe]t[0xd1]6S'T([0xdb][0x1f]d[0xe4][0xa7][0x1f][0xd6][0x93][0xdd]Cp[0xbe]E[0x1f][0xeb]Z@:[0xb7][0xad][0xcd]#t[0x1][0x97]D[0x14]s[0xe3]8n[0x3]7[0xd4]Y_([0xac][0x1d][0xe9][0xfe][\n]"
20/02/2019 19:14:39.955 [main] DEBUG org.apache.http.wire -  << "T]#[0xff]H&?[0xc0][0xe5]N[0xf7][0xf4][0xe2][0xe2][0xb9]m[0xf9][0x1b]c[0x93]R[0x1f][0x1f][0x1d][0x1c][0xec][\r][0xe]S=o[0xa6][0xb7]_,g[0xc1][0x4]-cf[0xce][0xa4][0x3][0xef][0xe][0xf6][0x9e]Pj[0xd8][0xea]`zpf[0xa1]p 0.P!q[0xba][0x8d][0xea]E[0xc3][0xb1][0xb7][0xfc][0x11]/.4[0x4][0xed][0xc1][0xea][0xf0][0xdb]o[0xef]?x[0xf0][0xf0][0xc1]w[0xdf]<|[0xf8][0xf5]A[0x15][0xe3][0x81][0xfc][0xa6]9[0xc4][0x19]>[0xdf][0xfb][0xcb][0x0][0x0][0x0][0xff][0xff][0x3][0x0][0xbb][0xe8]2e<[0x1d][0x0][0x0]"
20/02/2019 19:14:39.955 [main] DEBUG org.apache.http.wire -  << "[\r][\n]"
20/02/2019 19:14:39.955 [main] DEBUG org.apache.http.wire -  << "0[\r][\n]"
20/02/2019 19:14:39.955 [main] DEBUG org.apache.http.wire -  << "[\r][\n]"
20/02/2019 19:14:39.956 [main] DEBUG io.restassured.internal.RequestSpecificationImpl$RestAssuredHttpBuilder - Parsed data to instance of: class org.apache.http.conn.EofSensorInputStream
20/02/2019 19:14:40.047 [main] DEBUG org.apache.http.impl.conn.BasicClientConnectionManager - Releasing connection org.apache.http.impl.conn.ManagedClientConnectionImpl@68dcfd52
20/02/2019 19:14:40.048 [main] DEBUG org.apache.http.impl.conn.BasicClientConnectionManager - Connection can be kept alive indefinitely
20/02/2019 19:14:40.056 [main] INFO  Testcase.RegressionTest - Contents fetched successfully
20/02/2019 19:14:40.057 [main] INFO  Testcase.RegressionTest - {"_v":"18.8","_type":"content","id":"about-us","name":"About Us","page_description":"Learn about the history of our company and discover how founder Anastasia Soare launched the prestige cosmetics brand rooted in the Golden Ratio and fueled the brow revolution.","c_body":"<div class=\"page-title\">\r\n  <h1>About Anastasia Beverly Hills</h1>\r\n</div>\r\n<div class=\"std\">\r\n  <p style=\"text-align: justify;\">Romanian-born beauty entrepreneur Anastasia Soare launched her namesake brand with a Beverly Hills flagship salon in 1997 and the company’s first product line in 2000. Rooted in the sacred geometry of the Golden Ratio, ABH creates prestige cosmetics for a passionate prosumer audience.</p>\r\n  <p style=\"text-align: justify;\">Soare was first to introduce brow shaping and products based on her patented Golden Ratio Eyebrow Shaping Method, and is widely credited for fueling the multi-million dollar business that surrounds the category. Popularized through customer relationships with some of the world’s most recognizable faces, the “brow revolution” she ignited has become a landmark contribution to beauty history. In 2014, ABH debuted its new color makeup line on Instagram, cultivating a relationship with customers focused on product education, artistry, and responsiveness in delivering the “ultimate polished look” for which the brand is known. ABH has received industry-wide recognition for digital innovation and numerous accolades for products such as cult-classics Brow Wiz, Contour Kit, and Liquid Lipstick.</p>\r\n  <p style=\"text-align: justify;\">ABH products are available at anastasiabeverlyhills.com, Dillard’s, Macy’s, Nordstrom, Sephora, ULTA, and select retailers in over 25 countries. ABH is committed to cruelty-free product formulation, testing, and development.</p>\r\n  <p style=\"text-align: justify;\">&nbsp;</p>\r\n  <p style=\"text-align: justify;\"><b>CEO, ANASTASIA SOARE</b></p>\r\n  <p style=\"text-align: justify;\">Beauty pioneer, creative visionary and powerhouse entrepreneur Anastasia Soare is Founder, CEO, and driving force behind Anastasia Beverly Hills—one of the fastest-growing brands in the global beauty industry. Soare immigrated to the US from Romania\r\n    without language skills or financial means; instead she leveraged a fierce resolve and education in art and architecture to fuel her entrepreneurial vision and unique approach to beauty. In 1990, she introduced a new “brow-shaping” service to clients—later\r\n    patented as the “Golden Ratio” method—that has gone on to become a staple service and enduring new category in modern beauty. Soare continues to push boundaries today, expanding beyond&nbsp;the brow category with the company’s leading prestige cosmetics\r\n    line. Her capacity for driving growth through innovation and organizational focus on customers has become a hallmark of her leadership and the ABH brand. Soare’s gift as artist and entrepreneur is complemented by an ease and grace with customers with\r\n    whom she connects daily in video tutorials and personal appearances around the world. Her audience spans the globe and comprises many of its most famous faces, who rely on her unique vision of individual beauty to amplify their own.</p>\r\n  <p style=\"text-align: justify;\">Soare has achieved iconic status in her twenty-five year journey to self-made entrepreneur and American success story. She has been featured in The New York Times, The Guardian, People, Vanity Fair, Vogue, Elle, and Allure, among numerous other publications,\r\n    and has appeared on such television shows as The Doctor Oz Show, The Oprah Winfrey Show, and America’s Next Top Model. Soare's belief in beauty’s power to transform extends to her lifelong work for women and children and the establishment of The Anastasia\r\n    Brighter Horizon Foundation, which supports and advances the lives of young adults exiting the foster care system.</p>\r\n  <p style=\"text-align: justify;\">\r\n    <br><b>PRESIDENT, CLAUDIA SOARE</b></p>\r\n  <p style=\"text-align: justify;\">Anastasia Beverly Hills President Claudia Soare leads the company’s day-to-day operations, product development, and marketing for the brand’s best-selling prestige cosmetics line. As the daughter of ABH Founder Anastasia Soare, there may be no better-suited\r\n    executive, given her own voracious entrepreneurial spirit and hands-on experience through the years, working in every layer of the organization from receptionist to salesperson to product tester. A radical entrepreneur in her own right, Soare has\r\n    been credited with leadership decisions that have catapulted ABH to its standing among the world’s most influential cosmetics brands. As an early adopter of social media platforms, Soare has made an art out of knowing her customer—a bold, self-regulating\r\n    approach to customer retention where products are tested and reported on in real-time by millions of captivated followers who demand top-performing formulas and visionary trends. In industry-unique positioning, Soare puts herself forward as the brand’s\r\n    first line of engagement, working directly with ABH followers and influencers to introduce state-of-the-art, industry-defining products direct to consumer.</p>\r\n  <p style=\"text-align: justify;\">“Anastasia Beverly Hills is the crowning achievement of my mother’s extraordinary vision as an artist and entrepreneur. My task is to align that vision with the dynamic voice of our customer—we’re a winning team.”</p>\r\n  <p style=\"text-align: justify;\">&nbsp;</p>\r\n  <p style=\"text-align: justify;\"><strong>ANASTASIA'S GOLDEN RATIO® METHOD&nbsp;</strong></p>\r\n  <p style=\"text-align: justify;\"><b>“Our eyes are intrinsically trained to spot divine proportion and immediately associate it with beauty and harmony.” – Anastasia Soare&nbsp;<br><br></b></p>\r\n  <p style=\"text-align: justify;\">It’s been well-documented over the millennia by groundbreaking thinkers—including Pythagoras, Leonardo Da Vinci, and Albert Einstein—that the human eye is encoded to recognize nature’s universal design fractal: The Golden Ratio. This mathematical ratio\r\n    of 1.618 to 1—in which the whole is greater than the sum of its parts—offers the key to finding balance, symmetry, and beauty.&nbsp;</p>\r\n  <p style=\"text-align: justify;\">Inspired by this age-old ratio, Anastasia created a unique and breakthrough method of shaping brows. By following these principles, she could create a set of arches that perfectly framed and suited any face shape.&nbsp;</p>\r\n  <p style=\"text-align: justify;\"><b>“Brows should begin directly above the middle of your nostrils. The highest point of the arch should connect the tip of the nose with the middle of the iris. Brows should end where the corner of the nostril connects with the outer corner of the eye,” Anastasia says.&nbsp;<br><br></b></p>\r\n  <p style=\"text-align: justify;\">This patented Golden Ratio® method remains at the heart of Anastasia Beverly Hills. Each product launch is inspired by makeup’s unique ability to create the illusion of facial balance, symmetry, and proportion.&nbsp;</p>\r\n  <p style=\"text-align: justify;\">&nbsp;</p>\r\n</div>","c_customCSSFile":"https://development-abh-anastasiabeverlyhills.demandware.net/on/demandware.static/-/Library-Sites-AnastasiaSharedLibrary/default/v1550668694882/css/aboutus.css"}
20/02/2019 19:14:40.178 [main] DEBUG org.apache.http.impl.conn.BasicClientConnectionManager - Get connection for route {s}->https://development-abh-anastasiabeverlyhills.demandware.net:443
20/02/2019 19:14:40.178 [main] DEBUG org.apache.http.impl.conn.DefaultClientConnectionOperator - Connecting to development-abh-anastasiabeverlyhills.demandware.net:443
20/02/2019 19:14:40.328 [main] DEBUG org.apache.http.client.protocol.RequestAddCookies - CookieSpec selected: ignoreCookies
20/02/2019 19:14:40.329 [main] DEBUG org.apache.http.client.protocol.RequestAuthCache - Auth cache not set in the context
20/02/2019 19:14:40.329 [main] DEBUG org.apache.http.client.protocol.RequestTargetAuthentication - Target auth state: UNCHALLENGED
20/02/2019 19:14:40.330 [main] DEBUG org.apache.http.client.protocol.RequestProxyAuthentication - Proxy auth state: UNCHALLENGED
20/02/2019 19:14:40.330 [main] DEBUG org.apache.http.impl.client.DefaultHttpClient - Attempt 1 to execute request
20/02/2019 19:14:40.330 [main] DEBUG org.apache.http.impl.conn.DefaultClientConnection - Sending request: GET /s/AnastasiaUS/dw/shop/v18_8/categories/%28products?client_id=0531126e-272d-462a-b967-e25abdf45bbc HTTP/1.1
20/02/2019 19:14:40.331 [main] DEBUG org.apache.http.wire -  >> "GET /s/AnastasiaUS/dw/shop/v18_8/categories/%28products?client_id=0531126e-272d-462a-b967-e25abdf45bbc HTTP/1.1[\r][\n]"
20/02/2019 19:14:40.331 [main] DEBUG org.apache.http.wire -  >> "Content-Type: application/json; charset=UTF-8[\r][\n]"
20/02/2019 19:14:40.332 [main] DEBUG org.apache.http.wire -  >> "Origin: https://www.dummyapi.com[\r][\n]"
20/02/2019 19:14:40.332 [main] DEBUG org.apache.http.wire -  >> "Accept: */*[\r][\n]"
20/02/2019 19:14:40.332 [main] DEBUG org.apache.http.wire -  >> "Host: development-abh-anastasiabeverlyhills.demandware.net[\r][\n]"
20/02/2019 19:14:40.333 [main] DEBUG org.apache.http.wire -  >> "Connection: Keep-Alive[\r][\n]"
20/02/2019 19:14:40.333 [main] DEBUG org.apache.http.wire -  >> "User-Agent: Apache-HttpClient/4.5.3 (Java/1.8.0_45)[\r][\n]"
20/02/2019 19:14:40.333 [main] DEBUG org.apache.http.wire -  >> "Accept-Encoding: gzip,deflate[\r][\n]"
20/02/2019 19:14:40.334 [main] DEBUG org.apache.http.wire -  >> "[\r][\n]"
20/02/2019 19:14:40.334 [main] DEBUG org.apache.http.headers - >> GET /s/AnastasiaUS/dw/shop/v18_8/categories/%28products?client_id=0531126e-272d-462a-b967-e25abdf45bbc HTTP/1.1
20/02/2019 19:14:40.334 [main] DEBUG org.apache.http.headers - >> Content-Type: application/json; charset=UTF-8
20/02/2019 19:14:40.335 [main] DEBUG org.apache.http.headers - >> Origin: https://www.dummyapi.com
20/02/2019 19:14:40.335 [main] DEBUG org.apache.http.headers - >> Accept: */*
20/02/2019 19:14:40.335 [main] DEBUG org.apache.http.headers - >> Host: development-abh-anastasiabeverlyhills.demandware.net
20/02/2019 19:14:40.335 [main] DEBUG org.apache.http.headers - >> Connection: Keep-Alive
20/02/2019 19:14:40.336 [main] DEBUG org.apache.http.headers - >> User-Agent: Apache-HttpClient/4.5.3 (Java/1.8.0_45)
20/02/2019 19:14:40.336 [main] DEBUG org.apache.http.headers - >> Accept-Encoding: gzip,deflate
20/02/2019 19:14:41.558 [main] DEBUG org.apache.http.wire -  << "HTTP/1.1 404 Not Found[\r][\n]"
20/02/2019 19:14:41.559 [main] DEBUG org.apache.http.wire -  << "Date: Wed, 20 Feb 2019 13:44:41 GMT[\r][\n]"
20/02/2019 19:14:41.559 [main] DEBUG org.apache.http.wire -  << "Content-Type: application/json;charset=UTF-8[\r][\n]"
20/02/2019 19:14:41.559 [main] DEBUG org.apache.http.wire -  << "Transfer-Encoding: chunked[\r][\n]"
20/02/2019 19:14:41.561 [main] DEBUG org.apache.http.wire -  << "Connection: keep-alive[\r][\n]"
20/02/2019 19:14:41.562 [main] DEBUG org.apache.http.wire -  << "Set-Cookie: __cfduid=da0d1dfae9608449ed261df7984328b601550670280; expires=Thu, 20-Feb-20 13:44:40 GMT; path=/; domain=.demandware.net; HttpOnly[\r][\n]"
20/02/2019 19:14:41.562 [main] DEBUG org.apache.http.wire -  << "x-dw-request-base-id: QxIYUMlZbVwBAAB_[\r][\n]"
20/02/2019 19:14:41.563 [main] DEBUG org.apache.http.wire -  << "Access-Control-Expose-Headers: etag,location,x-dw-version-status,x-dw-resource-state,authorization,x-dw-request-base-id[\r][\n]"
20/02/2019 19:14:41.563 [main] DEBUG org.apache.http.wire -  << "Access-Control-Allow-Origin: https://www.dummyapi.com[\r][\n]"
20/02/2019 19:14:41.564 [main] DEBUG org.apache.http.wire -  << "Access-Control-Allow-Credentials: true[\r][\n]"
20/02/2019 19:14:41.564 [main] DEBUG org.apache.http.wire -  << "Cache-Control: no-cache, no-store, must-revalidate[\r][\n]"
20/02/2019 19:14:41.565 [main] DEBUG org.apache.http.wire -  << "Pragma: no-cache[\r][\n]"
20/02/2019 19:14:41.565 [main] DEBUG org.apache.http.wire -  << "Expires: Thu, 01 Dec 1994 16:00:00 GMT[\r][\n]"
20/02/2019 19:14:41.565 [main] DEBUG org.apache.http.wire -  << "Expect-CT: max-age=604800, report-uri="https://report-uri.cloudflare.com/cdn-cgi/beacon/expect-ct"[\r][\n]"
20/02/2019 19:14:41.566 [main] DEBUG org.apache.http.wire -  << "Server: cloudflare[\r][\n]"
20/02/2019 19:14:41.566 [main] DEBUG org.apache.http.wire -  << "CF-RAY: 4ac168c459eb8a9d-BOM[\r][\n]"
20/02/2019 19:14:41.566 [main] DEBUG org.apache.http.wire -  << "Content-Encoding: gzip[\r][\n]"
20/02/2019 19:14:41.566 [main] DEBUG org.apache.http.wire -  << "[\r][\n]"
20/02/2019 19:14:41.567 [main] DEBUG org.apache.http.impl.conn.DefaultClientConnection - Receiving response: HTTP/1.1 404 Not Found
20/02/2019 19:14:41.567 [main] DEBUG org.apache.http.headers - << HTTP/1.1 404 Not Found
20/02/2019 19:14:41.567 [main] DEBUG org.apache.http.headers - << Date: Wed, 20 Feb 2019 13:44:41 GMT
20/02/2019 19:14:41.567 [main] DEBUG org.apache.http.headers - << Content-Type: application/json;charset=UTF-8
20/02/2019 19:14:41.568 [main] DEBUG org.apache.http.headers - << Transfer-Encoding: chunked
20/02/2019 19:14:41.568 [main] DEBUG org.apache.http.headers - << Connection: keep-alive
20/02/2019 19:14:41.568 [main] DEBUG org.apache.http.headers - << Set-Cookie: __cfduid=da0d1dfae9608449ed261df7984328b601550670280; expires=Thu, 20-Feb-20 13:44:40 GMT; path=/; domain=.demandware.net; HttpOnly
20/02/2019 19:14:41.568 [main] DEBUG org.apache.http.headers - << x-dw-request-base-id: QxIYUMlZbVwBAAB_
20/02/2019 19:14:41.569 [main] DEBUG org.apache.http.headers - << Access-Control-Expose-Headers: etag,location,x-dw-version-status,x-dw-resource-state,authorization,x-dw-request-base-id
20/02/2019 19:14:41.569 [main] DEBUG org.apache.http.headers - << Access-Control-Allow-Origin: https://www.dummyapi.com
20/02/2019 19:14:41.569 [main] DEBUG org.apache.http.headers - << Access-Control-Allow-Credentials: true
20/02/2019 19:14:41.569 [main] DEBUG org.apache.http.headers - << Cache-Control: no-cache, no-store, must-revalidate
20/02/2019 19:14:41.570 [main] DEBUG org.apache.http.headers - << Pragma: no-cache
20/02/2019 19:14:41.570 [main] DEBUG org.apache.http.headers - << Expires: Thu, 01 Dec 1994 16:00:00 GMT
20/02/2019 19:14:41.570 [main] DEBUG org.apache.http.headers - << Expect-CT: max-age=604800, report-uri="https://report-uri.cloudflare.com/cdn-cgi/beacon/expect-ct"
20/02/2019 19:14:41.570 [main] DEBUG org.apache.http.headers - << Server: cloudflare
20/02/2019 19:14:41.571 [main] DEBUG org.apache.http.headers - << CF-RAY: 4ac168c459eb8a9d-BOM
20/02/2019 19:14:41.571 [main] DEBUG org.apache.http.headers - << Content-Encoding: gzip
20/02/2019 19:14:41.572 [main] DEBUG org.apache.http.impl.client.DefaultHttpClient - Connection can be kept alive indefinitely
20/02/2019 19:14:41.573 [main] DEBUG io.restassured.internal.RequestSpecificationImpl$RestAssuredHttpBuilder - Parsing response as: application/json;charset=UTF-8
20/02/2019 19:14:41.573 [main] DEBUG org.apache.http.wire -  << "ad[\r][\n]"
20/02/2019 19:14:41.573 [main] DEBUG org.apache.http.wire -  << "[0x1f][0x8b][0x8][0x0][0x0][0x0][0x0][0x0][0x0][0x3]L[0xcd][0xcd][\n]"
20/02/2019 19:14:41.574 [main] DEBUG org.apache.http.wire -  << "[0xc2]0[0x10][0x4][0xe0]WY[0xe6][0x12][0xf][0xa1][0xe0][0xad][0xe4]&[0xfe]@/[0xbd][0x88]g[0x9]mZ[0x3]6)[0xc9][0xc6]ZJ[0xdf]]"*[0x1e]w[0xd8][0x99]o[0xc1][0xf5][0x1][0x85]mY[0x94][0x90][0xe8]t[0xba]3[0xd4][0x2][0x1d][0xfa]4[0x18][0xc7]1[0x1f][0x8d]f[0xd3][0xfb]0W-[0x14]6c[0xf0]mj8B"Z6[0xef]p[0xe7]td[0x1d][0xad][0xbe][0x9c][0xb1]J[0xf0]<[0x1a]([0xec]?[0xbd][0xda][0xf3][0xc9]'[0xd7][0x1e][0x9f][0x8d][0x19][0xd9]z[0x7][0x89][0xc1][0xc4][0xa8][0xfb][0xfc]U{[0xfa][0x2]4Y[0xbe]Qu [0xf1]S[0x4]u>P[0x86]H[0xfc])[0x82]&[0x1d][0xa9][0xcb][0xab][0x5][0xd6][0xf5][0x5][0x0][0x0][0xff][0xff][0x3][0x0][0xc4][0xb3])[0xf3][0xc6][0x0][0x0][0x0]"
20/02/2019 19:14:41.574 [main] DEBUG org.apache.http.wire -  << "[\r][\n]"
20/02/2019 19:14:41.574 [main] DEBUG org.apache.http.wire -  << "0[\r][\n]"
20/02/2019 19:14:41.575 [main] DEBUG org.apache.http.wire -  << "[\r][\n]"
20/02/2019 19:14:41.575 [main] DEBUG io.restassured.internal.RequestSpecificationImpl$RestAssuredHttpBuilder - Parsed data to instance of: class org.apache.http.conn.EofSensorInputStream
20/02/2019 19:14:41.580 [main] DEBUG org.apache.http.impl.conn.BasicClientConnectionManager - Releasing connection org.apache.http.impl.conn.ManagedClientConnectionImpl@3cee53dc
20/02/2019 19:14:41.580 [main] DEBUG org.apache.http.impl.conn.BasicClientConnectionManager - Connection can be kept alive indefinitely
20/02/2019 19:14:41.580 [main] ERROR Testcase.RegressionTest - Category listed failed
20/02/2019 19:14:41.581 [main] ERROR Testcase.RegressionTest - {"_v":"18.8","fault":{"arguments":{"categoryId":"(products","siteId":"AnastasiaUS"},"type":"CategoryNotFoundException","message":"No category with ID '(products' for site 'AnastasiaUS' was found."}}
