11/02/2019 15:22:53.586 [main] DEBUG org.apache.http.impl.conn.BasicClientConnectionManager - Get connection for route {s}->https://development-abh-anastasiabeverlyhills.demandware.net:443
11/02/2019 15:22:53.641 [main] DEBUG org.apache.http.impl.conn.DefaultClientConnectionOperator - Connecting to development-abh-anastasiabeverlyhills.demandware.net:443
11/02/2019 15:22:54.430 [main] DEBUG org.apache.http.client.protocol.RequestAddCookies - CookieSpec selected: ignoreCookies
11/02/2019 15:22:54.432 [main] DEBUG org.apache.http.client.protocol.RequestAuthCache - Auth cache not set in the context
11/02/2019 15:22:54.432 [main] DEBUG org.apache.http.client.protocol.RequestTargetAuthentication - Target auth state: UNCHALLENGED
11/02/2019 15:22:54.433 [main] DEBUG org.apache.http.client.protocol.RequestProxyAuthentication - Proxy auth state: UNCHALLENGED
11/02/2019 15:22:54.433 [main] DEBUG org.apache.http.impl.client.DefaultHttpClient - Attempt 1 to execute request
11/02/2019 15:22:54.433 [main] DEBUG org.apache.http.impl.conn.DefaultClientConnection - Sending request: GET /s/AnastasiaUS/dw/shop/v18_8/custom_objects/MarketingCloudDataExportStatus/AnastasiaUS_purchaseDetails?client_id=0531126e-272d-462a-b967-e25abdf45bbc HTTP/1.1
11/02/2019 15:22:54.434 [main] DEBUG org.apache.http.wire -  >> "GET /s/AnastasiaUS/dw/shop/v18_8/custom_objects/MarketingCloudDataExportStatus/AnastasiaUS_purchaseDetails?client_id=0531126e-272d-462a-b967-e25abdf45bbc HTTP/1.1[\r][\n]"
11/02/2019 15:22:54.435 [main] DEBUG org.apache.http.wire -  >> "Content-Type: application/json; charset=UTF-8[\r][\n]"
11/02/2019 15:22:54.435 [main] DEBUG org.apache.http.wire -  >> "Origin: https://www.dummyapi.com[\r][\n]"
11/02/2019 15:22:54.435 [main] DEBUG org.apache.http.wire -  >> "Accept: */*[\r][\n]"
11/02/2019 15:22:54.436 [main] DEBUG org.apache.http.wire -  >> "Host: development-abh-anastasiabeverlyhills.demandware.net[\r][\n]"
11/02/2019 15:22:54.436 [main] DEBUG org.apache.http.wire -  >> "Connection: Keep-Alive[\r][\n]"
11/02/2019 15:22:54.436 [main] DEBUG org.apache.http.wire -  >> "User-Agent: Apache-HttpClient/4.5.3 (Java/1.8.0_45)[\r][\n]"
11/02/2019 15:22:54.436 [main] DEBUG org.apache.http.wire -  >> "Accept-Encoding: gzip,deflate[\r][\n]"
11/02/2019 15:22:54.436 [main] DEBUG org.apache.http.wire -  >> "[\r][\n]"
11/02/2019 15:22:54.436 [main] DEBUG org.apache.http.headers - >> GET /s/AnastasiaUS/dw/shop/v18_8/custom_objects/MarketingCloudDataExportStatus/AnastasiaUS_purchaseDetails?client_id=0531126e-272d-462a-b967-e25abdf45bbc HTTP/1.1
11/02/2019 15:22:54.436 [main] DEBUG org.apache.http.headers - >> Content-Type: application/json; charset=UTF-8
11/02/2019 15:22:54.436 [main] DEBUG org.apache.http.headers - >> Origin: https://www.dummyapi.com
11/02/2019 15:22:54.437 [main] DEBUG org.apache.http.headers - >> Accept: */*
11/02/2019 15:22:54.437 [main] DEBUG org.apache.http.headers - >> Host: development-abh-anastasiabeverlyhills.demandware.net
11/02/2019 15:22:54.437 [main] DEBUG org.apache.http.headers - >> Connection: Keep-Alive
11/02/2019 15:22:54.437 [main] DEBUG org.apache.http.headers - >> User-Agent: Apache-HttpClient/4.5.3 (Java/1.8.0_45)
11/02/2019 15:22:54.437 [main] DEBUG org.apache.http.headers - >> Accept-Encoding: gzip,deflate
11/02/2019 15:22:55.804 [main] DEBUG org.apache.http.wire -  << "HTTP/1.1 200 OK[\r][\n]"
11/02/2019 15:22:55.810 [main] DEBUG org.apache.http.wire -  << "Date: Mon, 11 Feb 2019 09:52:55 GMT[\r][\n]"
11/02/2019 15:22:55.811 [main] DEBUG org.apache.http.wire -  << "Content-Type: application/json;charset=UTF-8[\r][\n]"
11/02/2019 15:22:55.811 [main] DEBUG org.apache.http.wire -  << "Transfer-Encoding: chunked[\r][\n]"
11/02/2019 15:22:55.811 [main] DEBUG org.apache.http.wire -  << "Connection: keep-alive[\r][\n]"
11/02/2019 15:22:55.811 [main] DEBUG org.apache.http.wire -  << "Set-Cookie: __cfduid=d7d4366dee5951d8fe592d5eef29b04041549878774; expires=Tue, 11-Feb-20 09:52:54 GMT; path=/; domain=.demandware.net; HttpOnly[\r][\n]"
11/02/2019 15:22:55.812 [main] DEBUG org.apache.http.wire -  << "x-dw-request-base-id: kLeStPdFYVwBAAB_[\r][\n]"
11/02/2019 15:22:55.812 [main] DEBUG org.apache.http.wire -  << "Access-Control-Allow-Origin: https://www.dummyapi.com[\r][\n]"
11/02/2019 15:22:55.812 [main] DEBUG org.apache.http.wire -  << "Access-Control-Expose-Headers: etag,location,x-dw-version-status,x-dw-resource-state,authorization,x-dw-request-base-id[\r][\n]"
11/02/2019 15:22:55.812 [main] DEBUG org.apache.http.wire -  << "Access-Control-Allow-Credentials: true[\r][\n]"
11/02/2019 15:22:55.812 [main] DEBUG org.apache.http.wire -  << "Allow: GET,HEAD,OPTIONS[\r][\n]"
11/02/2019 15:22:55.812 [main] DEBUG org.apache.http.wire -  << "x-dw-version-status: deprecated[\r][\n]"
11/02/2019 15:22:55.812 [main] DEBUG org.apache.http.wire -  << "Cache-Control: max-age=60,must-revalidate[\r][\n]"
11/02/2019 15:22:55.813 [main] DEBUG org.apache.http.wire -  << "Expect-CT: max-age=604800, report-uri="https://report-uri.cloudflare.com/cdn-cgi/beacon/expect-ct"[\r][\n]"
11/02/2019 15:22:55.813 [main] DEBUG org.apache.http.wire -  << "Server: cloudflare[\r][\n]"
11/02/2019 15:22:55.813 [main] DEBUG org.apache.http.wire -  << "CF-RAY: 4a75ece47c638a7f-BOM[\r][\n]"
11/02/2019 15:22:55.813 [main] DEBUG org.apache.http.wire -  << "Content-Encoding: gzip[\r][\n]"
11/02/2019 15:22:55.814 [main] DEBUG org.apache.http.wire -  << "[\r][\n]"
11/02/2019 15:22:55.815 [main] DEBUG org.apache.http.impl.conn.DefaultClientConnection - Receiving response: HTTP/1.1 200 OK
11/02/2019 15:22:55.815 [main] DEBUG org.apache.http.headers - << HTTP/1.1 200 OK
11/02/2019 15:22:55.815 [main] DEBUG org.apache.http.headers - << Date: Mon, 11 Feb 2019 09:52:55 GMT
11/02/2019 15:22:55.815 [main] DEBUG org.apache.http.headers - << Content-Type: application/json;charset=UTF-8
11/02/2019 15:22:55.815 [main] DEBUG org.apache.http.headers - << Transfer-Encoding: chunked
11/02/2019 15:22:55.815 [main] DEBUG org.apache.http.headers - << Connection: keep-alive
11/02/2019 15:22:55.816 [main] DEBUG org.apache.http.headers - << Set-Cookie: __cfduid=d7d4366dee5951d8fe592d5eef29b04041549878774; expires=Tue, 11-Feb-20 09:52:54 GMT; path=/; domain=.demandware.net; HttpOnly
11/02/2019 15:22:55.816 [main] DEBUG org.apache.http.headers - << x-dw-request-base-id: kLeStPdFYVwBAAB_
11/02/2019 15:22:55.816 [main] DEBUG org.apache.http.headers - << Access-Control-Allow-Origin: https://www.dummyapi.com
11/02/2019 15:22:55.816 [main] DEBUG org.apache.http.headers - << Access-Control-Expose-Headers: etag,location,x-dw-version-status,x-dw-resource-state,authorization,x-dw-request-base-id
11/02/2019 15:22:55.816 [main] DEBUG org.apache.http.headers - << Access-Control-Allow-Credentials: true
11/02/2019 15:22:55.816 [main] DEBUG org.apache.http.headers - << Allow: GET,HEAD,OPTIONS
11/02/2019 15:22:55.816 [main] DEBUG org.apache.http.headers - << x-dw-version-status: deprecated
11/02/2019 15:22:55.816 [main] DEBUG org.apache.http.headers - << Cache-Control: max-age=60,must-revalidate
11/02/2019 15:22:55.816 [main] DEBUG org.apache.http.headers - << Expect-CT: max-age=604800, report-uri="https://report-uri.cloudflare.com/cdn-cgi/beacon/expect-ct"
11/02/2019 15:22:55.817 [main] DEBUG org.apache.http.headers - << Server: cloudflare
11/02/2019 15:22:55.817 [main] DEBUG org.apache.http.headers - << CF-RAY: 4a75ece47c638a7f-BOM
11/02/2019 15:22:55.817 [main] DEBUG org.apache.http.headers - << Content-Encoding: gzip
11/02/2019 15:22:55.823 [main] DEBUG org.apache.http.impl.client.DefaultHttpClient - Connection can be kept alive indefinitely
11/02/2019 15:22:55.882 [main] DEBUG io.restassured.internal.RequestSpecificationImpl$RestAssuredHttpBuilder - Parsing response as: application/json;charset=UTF-8
11/02/2019 15:22:55.884 [main] DEBUG org.apache.http.wire -  << "9f[\r][\n]"
11/02/2019 15:22:55.884 [main] DEBUG org.apache.http.wire -  << "[0x1f][0x8b][0x8][0x0][0x0][0x0][0x0][0x0][0x0][0x3]4[0xcb][0xbd][\n]"
11/02/2019 15:22:55.884 [main] DEBUG org.apache.http.wire -  << "[0xc2]0[0x14][0x86][0xe1]{[0xf9][0xe6][0xb4]$%C[0x9b][0xd5]:tpQ'[0x97][0x10][0xeb]Aj[0x12][0x92][0x13][0xb1][0x88][0xf7].X\_[0x9e][0xf7][\r][0xfb][0x84][0x81][0xaa][0xcb][0x1a][0x2][0x96][0xd7]@0[0xe8]sb?[}P[0xcf][0x10][0x18]i[0xb5]![0xfa]@[0x91]W[0x18][0xa4][0x81][0xa9]k-[0xbd][0x82][0x8f][0xdc][0xb5][0x10][0xd8][0xe4]?[0xb8]8[0x12][0xf][0xcb]}7[0xf9]|k[0x1d][0xbb][0xfd][0x8f][0x9e][0xd8]qN[0x10][0xe8][0xed][0xe4][0x12]o[0xf1][0x98][0x17][0x18]TR5[0x85][0xac][\n]"
11/02/2019 15:22:55.884 [main] DEBUG org.apache.http.wire -  << "[0xa5][0xce][0xb2]1[0xba]2R[0x95]Z[0xab][0xb]>_[0x0][0x0][0x0][0xff][0xff][0x3][0x0])[0xf0]I[0xc6][0xa2][0x0][0x0][0x0]"
11/02/2019 15:22:55.884 [main] DEBUG org.apache.http.wire -  << "[\r][\n]"
11/02/2019 15:22:55.885 [main] DEBUG org.apache.http.wire -  << "0[\r][\n]"
11/02/2019 15:22:55.885 [main] DEBUG org.apache.http.wire -  << "[\r][\n]"
11/02/2019 15:22:55.885 [main] DEBUG io.restassured.internal.RequestSpecificationImpl$RestAssuredHttpBuilder - Parsed data to instance of: class org.apache.http.conn.EofSensorInputStream
11/02/2019 15:22:56.077 [main] DEBUG org.apache.http.impl.conn.BasicClientConnectionManager - Releasing connection org.apache.http.impl.conn.ManagedClientConnectionImpl@2fb68ec6
11/02/2019 15:22:56.077 [main] DEBUG org.apache.http.impl.conn.BasicClientConnectionManager - Connection can be kept alive indefinitely
11/02/2019 15:22:56.080 [main] INFO  Testcase.RegressionTest - Contents fetched successfully
11/02/2019 15:22:56.081 [main] INFO  Testcase.RegressionTest - {"_v":"18.8","_type":"custom_object","key_property":"siteID_exportID","object_type":"MarketingCloudDataExportStatus","c_lastExportRun":"2019-02-11T09:42:01.441Z"}
