11/02/2019 16:36:58.982 [main] DEBUG org.apache.http.impl.conn.BasicClientConnectionManager - Get connection for route {s}->https://development-abh-anastasiabeverlyhills.demandware.net:443
11/02/2019 16:36:59.005 [main] DEBUG org.apache.http.impl.conn.DefaultClientConnectionOperator - Connecting to development-abh-anastasiabeverlyhills.demandware.net:443
11/02/2019 16:36:59.617 [main] DEBUG org.apache.http.client.protocol.RequestAddCookies - CookieSpec selected: ignoreCookies
11/02/2019 16:36:59.619 [main] DEBUG org.apache.http.client.protocol.RequestAuthCache - Auth cache not set in the context
11/02/2019 16:36:59.619 [main] DEBUG org.apache.http.client.protocol.RequestTargetAuthentication - Target auth state: UNCHALLENGED
11/02/2019 16:36:59.624 [main] DEBUG org.apache.http.client.protocol.RequestProxyAuthentication - Proxy auth state: UNCHALLENGED
11/02/2019 16:36:59.624 [main] DEBUG org.apache.http.impl.client.DefaultHttpClient - Attempt 1 to execute request
11/02/2019 16:36:59.625 [main] DEBUG org.apache.http.impl.conn.DefaultClientConnection - Sending request: GET /s/AnastasiaUS/dw/shop/v18_8/custom_objects/MarketingCloudDataExportStatus/AnastasiaUS_purchaseDetails?client_id=0531126e-272d-462a-b967-e25abdf45bbc HTTP/1.1
11/02/2019 16:36:59.625 [main] DEBUG org.apache.http.wire -  >> "GET /s/AnastasiaUS/dw/shop/v18_8/custom_objects/MarketingCloudDataExportStatus/AnastasiaUS_purchaseDetails?client_id=0531126e-272d-462a-b967-e25abdf45bbc HTTP/1.1[\r][\n]"
11/02/2019 16:36:59.626 [main] DEBUG org.apache.http.wire -  >> "Content-Type: application/json; charset=UTF-8[\r][\n]"
11/02/2019 16:36:59.626 [main] DEBUG org.apache.http.wire -  >> "Origin: https://www.dummyapi.com[\r][\n]"
11/02/2019 16:36:59.627 [main] DEBUG org.apache.http.wire -  >> "Accept: */*[\r][\n]"
11/02/2019 16:36:59.627 [main] DEBUG org.apache.http.wire -  >> "Host: development-abh-anastasiabeverlyhills.demandware.net[\r][\n]"
11/02/2019 16:36:59.627 [main] DEBUG org.apache.http.wire -  >> "Connection: Keep-Alive[\r][\n]"
11/02/2019 16:36:59.627 [main] DEBUG org.apache.http.wire -  >> "User-Agent: Apache-HttpClient/4.5.3 (Java/1.8.0_45)[\r][\n]"
11/02/2019 16:36:59.627 [main] DEBUG org.apache.http.wire -  >> "Accept-Encoding: gzip,deflate[\r][\n]"
11/02/2019 16:36:59.627 [main] DEBUG org.apache.http.wire -  >> "[\r][\n]"
11/02/2019 16:36:59.627 [main] DEBUG org.apache.http.headers - >> GET /s/AnastasiaUS/dw/shop/v18_8/custom_objects/MarketingCloudDataExportStatus/AnastasiaUS_purchaseDetails?client_id=0531126e-272d-462a-b967-e25abdf45bbc HTTP/1.1
11/02/2019 16:36:59.627 [main] DEBUG org.apache.http.headers - >> Content-Type: application/json; charset=UTF-8
11/02/2019 16:36:59.628 [main] DEBUG org.apache.http.headers - >> Origin: https://www.dummyapi.com
11/02/2019 16:36:59.628 [main] DEBUG org.apache.http.headers - >> Accept: */*
11/02/2019 16:36:59.628 [main] DEBUG org.apache.http.headers - >> Host: development-abh-anastasiabeverlyhills.demandware.net
11/02/2019 16:36:59.628 [main] DEBUG org.apache.http.headers - >> Connection: Keep-Alive
11/02/2019 16:36:59.628 [main] DEBUG org.apache.http.headers - >> User-Agent: Apache-HttpClient/4.5.3 (Java/1.8.0_45)
11/02/2019 16:36:59.628 [main] DEBUG org.apache.http.headers - >> Accept-Encoding: gzip,deflate
11/02/2019 16:36:59.958 [main] DEBUG org.apache.http.wire -  << "HTTP/1.1 200 OK[\r][\n]"
11/02/2019 16:36:59.962 [main] DEBUG org.apache.http.wire -  << "Date: Mon, 11 Feb 2019 11:06:59 GMT[\r][\n]"
11/02/2019 16:36:59.963 [main] DEBUG org.apache.http.wire -  << "Content-Type: application/json;charset=UTF-8[\r][\n]"
11/02/2019 16:36:59.963 [main] DEBUG org.apache.http.wire -  << "Transfer-Encoding: chunked[\r][\n]"
11/02/2019 16:36:59.963 [main] DEBUG org.apache.http.wire -  << "Connection: keep-alive[\r][\n]"
11/02/2019 16:36:59.964 [main] DEBUG org.apache.http.wire -  << "Set-Cookie: __cfduid=dbba552d4f156c8175af5d3351822c0b61549883219; expires=Tue, 11-Feb-20 11:06:59 GMT; path=/; domain=.demandware.net; HttpOnly[\r][\n]"
11/02/2019 16:36:59.964 [main] DEBUG org.apache.http.wire -  << "x-dw-request-base-id: kLc0t1NXYVwBAAB_[\r][\n]"
11/02/2019 16:36:59.965 [main] DEBUG org.apache.http.wire -  << "Access-Control-Allow-Origin: https://www.dummyapi.com[\r][\n]"
11/02/2019 16:36:59.965 [main] DEBUG org.apache.http.wire -  << "Access-Control-Expose-Headers: etag,location,x-dw-version-status,x-dw-resource-state,authorization,x-dw-request-base-id[\r][\n]"
11/02/2019 16:36:59.965 [main] DEBUG org.apache.http.wire -  << "Access-Control-Allow-Credentials: true[\r][\n]"
11/02/2019 16:36:59.966 [main] DEBUG org.apache.http.wire -  << "Allow: GET,HEAD,OPTIONS[\r][\n]"
11/02/2019 16:36:59.966 [main] DEBUG org.apache.http.wire -  << "x-dw-version-status: deprecated[\r][\n]"
11/02/2019 16:36:59.966 [main] DEBUG org.apache.http.wire -  << "Cache-Control: max-age=26,must-revalidate[\r][\n]"
11/02/2019 16:36:59.967 [main] DEBUG org.apache.http.wire -  << "Expect-CT: max-age=604800, report-uri="https://report-uri.cloudflare.com/cdn-cgi/beacon/expect-ct"[\r][\n]"
11/02/2019 16:36:59.967 [main] DEBUG org.apache.http.wire -  << "Server: cloudflare[\r][\n]"
11/02/2019 16:36:59.967 [main] DEBUG org.apache.http.wire -  << "CF-RAY: 4a76596adaac8aa9-BOM[\r][\n]"
11/02/2019 16:36:59.968 [main] DEBUG org.apache.http.wire -  << "Content-Encoding: gzip[\r][\n]"
11/02/2019 16:36:59.968 [main] DEBUG org.apache.http.wire -  << "[\r][\n]"
11/02/2019 16:36:59.970 [main] DEBUG org.apache.http.impl.conn.DefaultClientConnection - Receiving response: HTTP/1.1 200 OK
11/02/2019 16:36:59.971 [main] DEBUG org.apache.http.headers - << HTTP/1.1 200 OK
11/02/2019 16:36:59.971 [main] DEBUG org.apache.http.headers - << Date: Mon, 11 Feb 2019 11:06:59 GMT
11/02/2019 16:36:59.972 [main] DEBUG org.apache.http.headers - << Content-Type: application/json;charset=UTF-8
11/02/2019 16:36:59.972 [main] DEBUG org.apache.http.headers - << Transfer-Encoding: chunked
11/02/2019 16:36:59.972 [main] DEBUG org.apache.http.headers - << Connection: keep-alive
11/02/2019 16:36:59.972 [main] DEBUG org.apache.http.headers - << Set-Cookie: __cfduid=dbba552d4f156c8175af5d3351822c0b61549883219; expires=Tue, 11-Feb-20 11:06:59 GMT; path=/; domain=.demandware.net; HttpOnly
11/02/2019 16:36:59.973 [main] DEBUG org.apache.http.headers - << x-dw-request-base-id: kLc0t1NXYVwBAAB_
11/02/2019 16:36:59.973 [main] DEBUG org.apache.http.headers - << Access-Control-Allow-Origin: https://www.dummyapi.com
11/02/2019 16:36:59.973 [main] DEBUG org.apache.http.headers - << Access-Control-Expose-Headers: etag,location,x-dw-version-status,x-dw-resource-state,authorization,x-dw-request-base-id
11/02/2019 16:36:59.974 [main] DEBUG org.apache.http.headers - << Access-Control-Allow-Credentials: true
11/02/2019 16:36:59.974 [main] DEBUG org.apache.http.headers - << Allow: GET,HEAD,OPTIONS
11/02/2019 16:36:59.974 [main] DEBUG org.apache.http.headers - << x-dw-version-status: deprecated
11/02/2019 16:36:59.975 [main] DEBUG org.apache.http.headers - << Cache-Control: max-age=26,must-revalidate
11/02/2019 16:36:59.975 [main] DEBUG org.apache.http.headers - << Expect-CT: max-age=604800, report-uri="https://report-uri.cloudflare.com/cdn-cgi/beacon/expect-ct"
11/02/2019 16:36:59.975 [main] DEBUG org.apache.http.headers - << Server: cloudflare
11/02/2019 16:36:59.975 [main] DEBUG org.apache.http.headers - << CF-RAY: 4a76596adaac8aa9-BOM
11/02/2019 16:36:59.976 [main] DEBUG org.apache.http.headers - << Content-Encoding: gzip
11/02/2019 16:36:59.993 [main] DEBUG org.apache.http.impl.client.DefaultHttpClient - Connection can be kept alive indefinitely
11/02/2019 16:37:00.019 [main] DEBUG io.restassured.internal.RequestSpecificationImpl$RestAssuredHttpBuilder - Parsing response as: application/json;charset=UTF-8
11/02/2019 16:37:00.020 [main] DEBUG org.apache.http.wire -  << "9f[\r][\n]"
11/02/2019 16:37:00.021 [main] DEBUG org.apache.http.wire -  << "[0x1f][0x8b][0x8][0x0][0x0][0x0][0x0][0x0][0x0][0x3]4[0xcb][0xbd][\n]"
11/02/2019 16:37:00.021 [main] DEBUG org.apache.http.wire -  << "[0xc2]0[0x14][0x86][0xe1]{[0xf9][0xe6][0xb4]$[0xa5]H[0xcc]j[0x1d]:[0xb8][0xa8][0x93]K[0x88][0xf5] [0xb5]?[0x9][0xc9][0x89]X[0xc4]{[0x17],[0xae]/[0xcf][0xfb][0x86]}[0xc2]@[0xe9]RC[0xc0][0xf2][0x12][0x8][0x6]]N[0xec]'[0xeb][0xaf][0xf][0xea][0x18][0x2][0x3]-6D[0x1f]([0xf2][0x2][0x83][0xd4]3[0xb5][0x8d][0xa5]W[0xf0][0x91][0xdb][0x6][0x2][0xab][0xfc][0xef][0x7][0x17][0x7][0xe2]~[0xbe][0xef]F[0x9f]o[0x8d]c[0xb7][0xff][0xd1][0x13];[0xce][0x9][0x2][0x9d][0x1d]][0xe2]5[0x1e][0xf3][0xc][0x83]J[0xaa]m![0xab]B[0xa9][0xb3][0x92][0xa6][0xae][0x8c]Te[0xad]7[0x17]|[0xbe][0x0][0x0][0x0][0xff][0xff][0x3][0x0]9[0x1][0xc3][0x89][0xa2][0x0][0x0][0x0]"
11/02/2019 16:37:00.022 [main] DEBUG org.apache.http.wire -  << "[\r][\n]"
11/02/2019 16:37:00.023 [main] DEBUG org.apache.http.wire -  << "0[\r][\n]"
11/02/2019 16:37:00.024 [main] DEBUG org.apache.http.wire -  << "[\r][\n]"
11/02/2019 16:37:00.024 [main] DEBUG io.restassured.internal.RequestSpecificationImpl$RestAssuredHttpBuilder - Parsed data to instance of: class org.apache.http.conn.EofSensorInputStream
11/02/2019 16:37:00.104 [main] DEBUG org.apache.http.impl.conn.BasicClientConnectionManager - Releasing connection org.apache.http.impl.conn.ManagedClientConnectionImpl@53bf7094
11/02/2019 16:37:00.104 [main] DEBUG org.apache.http.impl.conn.BasicClientConnectionManager - Connection can be kept alive indefinitely
11/02/2019 16:37:00.109 [main] INFO  Testcase.RegressionTest - Contents fetched successfully
11/02/2019 16:37:00.110 [main] INFO  Testcase.RegressionTest - {"_v":"18.8","_type":"custom_object","key_property":"siteID_exportID","object_type":"MarketingCloudDataExportStatus","c_lastExportRun":"2019-02-11T10:42:01.486Z"}
