07/02/2019 18:06:07.934 [main] DEBUG org.apache.http.impl.conn.BasicClientConnectionManager - Get connection for route {s}->https://development-abh-anastasiabeverlyhills.demandware.net:443
07/02/2019 18:06:08.287 [main] DEBUG org.apache.http.impl.conn.DefaultClientConnectionOperator - Connecting to development-abh-anastasiabeverlyhills.demandware.net:443
07/02/2019 18:06:09.481 [main] DEBUG org.apache.http.client.protocol.RequestAddCookies - CookieSpec selected: ignoreCookies
07/02/2019 18:06:09.483 [main] DEBUG org.apache.http.client.protocol.RequestAuthCache - Auth cache not set in the context
07/02/2019 18:06:09.483 [main] DEBUG org.apache.http.client.protocol.RequestTargetAuthentication - Target auth state: UNCHALLENGED
07/02/2019 18:06:09.484 [main] DEBUG org.apache.http.client.protocol.RequestProxyAuthentication - Proxy auth state: UNCHALLENGED
07/02/2019 18:06:09.484 [main] DEBUG org.apache.http.impl.client.DefaultHttpClient - Attempt 1 to execute request
07/02/2019 18:06:09.484 [main] DEBUG org.apache.http.impl.conn.DefaultClientConnection - Sending request: GET /s/AnastasiaUS/dw/shop/v18_8/custom_objects/MarketingCloudDataExportStatus/AnastasiaUS_purchaseDetails?client_id=0531126e-272d-462a-b967-e25abdf45bbc HTTP/1.1
07/02/2019 18:06:09.484 [main] DEBUG org.apache.http.wire -  >> "GET /s/AnastasiaUS/dw/shop/v18_8/custom_objects/MarketingCloudDataExportStatus/AnastasiaUS_purchaseDetails?client_id=0531126e-272d-462a-b967-e25abdf45bbc HTTP/1.1[\r][\n]"
07/02/2019 18:06:09.485 [main] DEBUG org.apache.http.wire -  >> "Content-Type: application/json; charset=UTF-8[\r][\n]"
07/02/2019 18:06:09.486 [main] DEBUG org.apache.http.wire -  >> "Origin: https://www.dummyapi.com[\r][\n]"
07/02/2019 18:06:09.486 [main] DEBUG org.apache.http.wire -  >> "Accept: */*[\r][\n]"
07/02/2019 18:06:09.486 [main] DEBUG org.apache.http.wire -  >> "Host: development-abh-anastasiabeverlyhills.demandware.net[\r][\n]"
07/02/2019 18:06:09.486 [main] DEBUG org.apache.http.wire -  >> "Connection: Keep-Alive[\r][\n]"
07/02/2019 18:06:09.486 [main] DEBUG org.apache.http.wire -  >> "User-Agent: Apache-HttpClient/4.5.3 (Java/1.8.0_45)[\r][\n]"
07/02/2019 18:06:09.486 [main] DEBUG org.apache.http.wire -  >> "Accept-Encoding: gzip,deflate[\r][\n]"
07/02/2019 18:06:09.486 [main] DEBUG org.apache.http.wire -  >> "[\r][\n]"
07/02/2019 18:06:09.487 [main] DEBUG org.apache.http.headers - >> GET /s/AnastasiaUS/dw/shop/v18_8/custom_objects/MarketingCloudDataExportStatus/AnastasiaUS_purchaseDetails?client_id=0531126e-272d-462a-b967-e25abdf45bbc HTTP/1.1
07/02/2019 18:06:09.487 [main] DEBUG org.apache.http.headers - >> Content-Type: application/json; charset=UTF-8
07/02/2019 18:06:09.487 [main] DEBUG org.apache.http.headers - >> Origin: https://www.dummyapi.com
07/02/2019 18:06:09.487 [main] DEBUG org.apache.http.headers - >> Accept: */*
07/02/2019 18:06:09.487 [main] DEBUG org.apache.http.headers - >> Host: development-abh-anastasiabeverlyhills.demandware.net
07/02/2019 18:06:09.487 [main] DEBUG org.apache.http.headers - >> Connection: Keep-Alive
07/02/2019 18:06:09.487 [main] DEBUG org.apache.http.headers - >> User-Agent: Apache-HttpClient/4.5.3 (Java/1.8.0_45)
07/02/2019 18:06:09.487 [main] DEBUG org.apache.http.headers - >> Accept-Encoding: gzip,deflate
07/02/2019 18:06:10.913 [main] DEBUG org.apache.http.wire -  << "HTTP/1.1 200 OK[\r][\n]"
07/02/2019 18:06:10.917 [main] DEBUG org.apache.http.wire -  << "Date: Thu, 07 Feb 2019 12:36:10 GMT[\r][\n]"
07/02/2019 18:06:10.918 [main] DEBUG org.apache.http.wire -  << "Content-Type: application/json;charset=UTF-8[\r][\n]"
07/02/2019 18:06:10.918 [main] DEBUG org.apache.http.wire -  << "Transfer-Encoding: chunked[\r][\n]"
07/02/2019 18:06:10.919 [main] DEBUG org.apache.http.wire -  << "Connection: keep-alive[\r][\n]"
07/02/2019 18:06:10.919 [main] DEBUG org.apache.http.wire -  << "Set-Cookie: __cfduid=d4ded5e208a6f631b3f30e58b3baa2a371549542969; expires=Fri, 07-Feb-20 12:36:09 GMT; path=/; domain=.demandware.net; HttpOnly[\r][\n]"
07/02/2019 18:06:10.919 [main] DEBUG org.apache.http.wire -  << "x-dw-request-base-id: kLfaezomXFwBAAB_[\r][\n]"
07/02/2019 18:06:10.920 [main] DEBUG org.apache.http.wire -  << "Access-Control-Allow-Origin: https://www.dummyapi.com[\r][\n]"
07/02/2019 18:06:10.920 [main] DEBUG org.apache.http.wire -  << "Access-Control-Expose-Headers: etag,location,x-dw-version-status,x-dw-resource-state,authorization,x-dw-request-base-id[\r][\n]"
07/02/2019 18:06:10.921 [main] DEBUG org.apache.http.wire -  << "Access-Control-Allow-Credentials: true[\r][\n]"
07/02/2019 18:06:10.921 [main] DEBUG org.apache.http.wire -  << "Allow: GET,HEAD,OPTIONS[\r][\n]"
07/02/2019 18:06:10.921 [main] DEBUG org.apache.http.wire -  << "x-dw-version-status: deprecated[\r][\n]"
07/02/2019 18:06:10.922 [main] DEBUG org.apache.http.wire -  << "Cache-Control: max-age=60,must-revalidate[\r][\n]"
07/02/2019 18:06:10.922 [main] DEBUG org.apache.http.wire -  << "Expect-CT: max-age=604800, report-uri="https://report-uri.cloudflare.com/cdn-cgi/beacon/expect-ct"[\r][\n]"
07/02/2019 18:06:10.922 [main] DEBUG org.apache.http.wire -  << "Server: cloudflare[\r][\n]"
07/02/2019 18:06:10.923 [main] DEBUG org.apache.http.wire -  << "CF-RAY: 4a55e6881bff8aa9-BOM[\r][\n]"
07/02/2019 18:06:10.923 [main] DEBUG org.apache.http.wire -  << "Content-Encoding: gzip[\r][\n]"
07/02/2019 18:06:10.923 [main] DEBUG org.apache.http.wire -  << "[\r][\n]"
07/02/2019 18:06:10.926 [main] DEBUG org.apache.http.impl.conn.DefaultClientConnection - Receiving response: HTTP/1.1 200 OK
07/02/2019 18:06:10.926 [main] DEBUG org.apache.http.headers - << HTTP/1.1 200 OK
07/02/2019 18:06:10.926 [main] DEBUG org.apache.http.headers - << Date: Thu, 07 Feb 2019 12:36:10 GMT
07/02/2019 18:06:10.927 [main] DEBUG org.apache.http.headers - << Content-Type: application/json;charset=UTF-8
07/02/2019 18:06:10.927 [main] DEBUG org.apache.http.headers - << Transfer-Encoding: chunked
07/02/2019 18:06:10.927 [main] DEBUG org.apache.http.headers - << Connection: keep-alive
07/02/2019 18:06:10.928 [main] DEBUG org.apache.http.headers - << Set-Cookie: __cfduid=d4ded5e208a6f631b3f30e58b3baa2a371549542969; expires=Fri, 07-Feb-20 12:36:09 GMT; path=/; domain=.demandware.net; HttpOnly
07/02/2019 18:06:10.928 [main] DEBUG org.apache.http.headers - << x-dw-request-base-id: kLfaezomXFwBAAB_
07/02/2019 18:06:10.928 [main] DEBUG org.apache.http.headers - << Access-Control-Allow-Origin: https://www.dummyapi.com
07/02/2019 18:06:10.929 [main] DEBUG org.apache.http.headers - << Access-Control-Expose-Headers: etag,location,x-dw-version-status,x-dw-resource-state,authorization,x-dw-request-base-id
07/02/2019 18:06:10.929 [main] DEBUG org.apache.http.headers - << Access-Control-Allow-Credentials: true
07/02/2019 18:06:10.929 [main] DEBUG org.apache.http.headers - << Allow: GET,HEAD,OPTIONS
07/02/2019 18:06:10.930 [main] DEBUG org.apache.http.headers - << x-dw-version-status: deprecated
07/02/2019 18:06:10.930 [main] DEBUG org.apache.http.headers - << Cache-Control: max-age=60,must-revalidate
07/02/2019 18:06:10.930 [main] DEBUG org.apache.http.headers - << Expect-CT: max-age=604800, report-uri="https://report-uri.cloudflare.com/cdn-cgi/beacon/expect-ct"
07/02/2019 18:06:10.930 [main] DEBUG org.apache.http.headers - << Server: cloudflare
07/02/2019 18:06:10.931 [main] DEBUG org.apache.http.headers - << CF-RAY: 4a55e6881bff8aa9-BOM
07/02/2019 18:06:10.931 [main] DEBUG org.apache.http.headers - << Content-Encoding: gzip
07/02/2019 18:06:10.953 [main] DEBUG org.apache.http.impl.client.DefaultHttpClient - Connection can be kept alive indefinitely
07/02/2019 18:06:10.976 [main] DEBUG io.restassured.internal.RequestSpecificationImpl$RestAssuredHttpBuilder - Parsing response as: application/json;charset=UTF-8
07/02/2019 18:06:10.978 [main] DEBUG org.apache.http.wire -  << "9f[\r][\n]"
07/02/2019 18:06:10.978 [main] DEBUG org.apache.http.wire -  << "[0x1f][0x8b][0x8][0x0][0x0][0x0][0x0][0x0][0x0][0x3]4[0xcb][0xb1][\n]"
07/02/2019 18:06:10.978 [main] DEBUG org.apache.http.wire -  << "[0xc2]0[0x14]F[0xe1]w[0xf9][0xe7][0xb4]$A[0xb1]f[0xb5][0x1d]:[0xb8][0xa8][0x93]K[0x88][0xf5]"[0xb5][0xb5][0x9][0xc9][0x8d]X[0xc4]w[0x17],[0xae][0x87][0xef][0xbc]a[0x9f]0PUYA[0xc0][0xf2][0x1c][0x8][0x6]]N[0xec][0x1f][0xd6]_[0xee][0xd4]1[0x4][0x6][0x9a]m[0x88]>P[0xe4][0x19][0x6][0xa9]gjkK[0xaf][0xe0]#[0xb7]5[0x4][0x16][0xf9][0xdf][0xf7].[0xe][0xc4][0xfd]t[0xdb][0x8d]>_k[0xc7][0xae][0xf9][0xd1]#;[0xce][0x9][0x2][0x9d][0x1d]][0xe2]%[0x1e][0xf2][0x4][0x3]-[0xd5][0xb6][0x90][0xba][0x90][0x9b][0x93][0xd2]Fi#U[0xb9][0xd2][0xeb]3>_[0x0][0x0][0x0][0xff][0xff][0x3][0x0]"[0x4]m[0xe0][0xa2][0x0][0x0][0x0]"
07/02/2019 18:06:10.978 [main] DEBUG org.apache.http.wire -  << "[\r][\n]"
07/02/2019 18:06:10.980 [main] DEBUG org.apache.http.wire -  << "0[\r][\n]"
07/02/2019 18:06:10.980 [main] DEBUG org.apache.http.wire -  << "[\r][\n]"
07/02/2019 18:06:10.980 [main] DEBUG io.restassured.internal.RequestSpecificationImpl$RestAssuredHttpBuilder - Parsed data to instance of: class org.apache.http.conn.EofSensorInputStream
07/02/2019 18:06:11.090 [main] DEBUG org.apache.http.impl.conn.BasicClientConnectionManager - Releasing connection org.apache.http.impl.conn.ManagedClientConnectionImpl@6e5bfdfc
07/02/2019 18:06:11.090 [main] DEBUG org.apache.http.impl.conn.BasicClientConnectionManager - Connection can be kept alive indefinitely
07/02/2019 18:06:11.095 [main] INFO  Testcase.RegressionTest - Contents fetched successfully
