11/02/2019 16:44:38.558 [main] DEBUG org.apache.http.impl.conn.BasicClientConnectionManager - Get connection for route {s}->https://development-abh-anastasiabeverlyhills.demandware.net:443
11/02/2019 16:44:38.574 [main] DEBUG org.apache.http.impl.conn.DefaultClientConnectionOperator - Connecting to development-abh-anastasiabeverlyhills.demandware.net:443
11/02/2019 16:44:39.112 [main] DEBUG org.apache.http.client.protocol.RequestAddCookies - CookieSpec selected: ignoreCookies
11/02/2019 16:44:39.114 [main] DEBUG org.apache.http.client.protocol.RequestAuthCache - Auth cache not set in the context
11/02/2019 16:44:39.114 [main] DEBUG org.apache.http.client.protocol.RequestTargetAuthentication - Target auth state: UNCHALLENGED
11/02/2019 16:44:39.115 [main] DEBUG org.apache.http.client.protocol.RequestProxyAuthentication - Proxy auth state: UNCHALLENGED
11/02/2019 16:44:39.115 [main] DEBUG org.apache.http.impl.client.DefaultHttpClient - Attempt 1 to execute request
11/02/2019 16:44:39.119 [main] DEBUG org.apache.http.impl.conn.DefaultClientConnection - Sending request: GET /s/AnastasiaUS/dw/shop/v18_8/custom_objects/MarketingCloudDataExportStatus/AnastasiaUS_purchaseDetails?client_id=0531126e-272d-462a-b967-e25abdf45bbc HTTP/1.1
11/02/2019 16:44:39.120 [main] DEBUG org.apache.http.wire -  >> "GET /s/AnastasiaUS/dw/shop/v18_8/custom_objects/MarketingCloudDataExportStatus/AnastasiaUS_purchaseDetails?client_id=0531126e-272d-462a-b967-e25abdf45bbc HTTP/1.1[\r][\n]"
11/02/2019 16:44:39.121 [main] DEBUG org.apache.http.wire -  >> "Content-Type: application/json; charset=UTF-8[\r][\n]"
11/02/2019 16:44:39.121 [main] DEBUG org.apache.http.wire -  >> "Origin: https://www.dummyapi.com[\r][\n]"
11/02/2019 16:44:39.121 [main] DEBUG org.apache.http.wire -  >> "Accept: */*[\r][\n]"
11/02/2019 16:44:39.121 [main] DEBUG org.apache.http.wire -  >> "Host: development-abh-anastasiabeverlyhills.demandware.net[\r][\n]"
11/02/2019 16:44:39.121 [main] DEBUG org.apache.http.wire -  >> "Connection: Keep-Alive[\r][\n]"
11/02/2019 16:44:39.121 [main] DEBUG org.apache.http.wire -  >> "User-Agent: Apache-HttpClient/4.5.3 (Java/1.8.0_45)[\r][\n]"
11/02/2019 16:44:39.121 [main] DEBUG org.apache.http.wire -  >> "Accept-Encoding: gzip,deflate[\r][\n]"
11/02/2019 16:44:39.121 [main] DEBUG org.apache.http.wire -  >> "[\r][\n]"
11/02/2019 16:44:39.122 [main] DEBUG org.apache.http.headers - >> GET /s/AnastasiaUS/dw/shop/v18_8/custom_objects/MarketingCloudDataExportStatus/AnastasiaUS_purchaseDetails?client_id=0531126e-272d-462a-b967-e25abdf45bbc HTTP/1.1
11/02/2019 16:44:39.122 [main] DEBUG org.apache.http.headers - >> Content-Type: application/json; charset=UTF-8
11/02/2019 16:44:39.122 [main] DEBUG org.apache.http.headers - >> Origin: https://www.dummyapi.com
11/02/2019 16:44:39.122 [main] DEBUG org.apache.http.headers - >> Accept: */*
11/02/2019 16:44:39.122 [main] DEBUG org.apache.http.headers - >> Host: development-abh-anastasiabeverlyhills.demandware.net
11/02/2019 16:44:39.122 [main] DEBUG org.apache.http.headers - >> Connection: Keep-Alive
11/02/2019 16:44:39.122 [main] DEBUG org.apache.http.headers - >> User-Agent: Apache-HttpClient/4.5.3 (Java/1.8.0_45)
11/02/2019 16:44:39.122 [main] DEBUG org.apache.http.headers - >> Accept-Encoding: gzip,deflate
11/02/2019 16:44:39.457 [main] DEBUG org.apache.http.wire -  << "HTTP/1.1 200 OK[\r][\n]"
11/02/2019 16:44:39.462 [main] DEBUG org.apache.http.wire -  << "Date: Mon, 11 Feb 2019 11:14:39 GMT[\r][\n]"
11/02/2019 16:44:39.462 [main] DEBUG org.apache.http.wire -  << "Content-Type: application/json;charset=UTF-8[\r][\n]"
11/02/2019 16:44:39.463 [main] DEBUG org.apache.http.wire -  << "Transfer-Encoding: chunked[\r][\n]"
11/02/2019 16:44:39.463 [main] DEBUG org.apache.http.wire -  << "Connection: keep-alive[\r][\n]"
11/02/2019 16:44:39.463 [main] DEBUG org.apache.http.wire -  << "Set-Cookie: __cfduid=d3c156880e1e033ac01a38d17c2802b861549883679; expires=Tue, 11-Feb-20 11:14:39 GMT; path=/; domain=.demandware.net; HttpOnly[\r][\n]"
11/02/2019 16:44:39.464 [main] DEBUG org.apache.http.wire -  << "x-dw-request-base-id: kLdXtx9ZYVwBAAB_[\r][\n]"
11/02/2019 16:44:39.464 [main] DEBUG org.apache.http.wire -  << "Access-Control-Allow-Origin: https://www.dummyapi.com[\r][\n]"
11/02/2019 16:44:39.465 [main] DEBUG org.apache.http.wire -  << "Access-Control-Expose-Headers: etag,location,x-dw-version-status,x-dw-resource-state,authorization,x-dw-request-base-id[\r][\n]"
11/02/2019 16:44:39.465 [main] DEBUG org.apache.http.wire -  << "Access-Control-Allow-Credentials: true[\r][\n]"
11/02/2019 16:44:39.465 [main] DEBUG org.apache.http.wire -  << "Allow: GET,HEAD,OPTIONS[\r][\n]"
11/02/2019 16:44:39.466 [main] DEBUG org.apache.http.wire -  << "x-dw-version-status: deprecated[\r][\n]"
11/02/2019 16:44:39.466 [main] DEBUG org.apache.http.wire -  << "Cache-Control: max-age=28,must-revalidate[\r][\n]"
11/02/2019 16:44:39.466 [main] DEBUG org.apache.http.wire -  << "Expect-CT: max-age=604800, report-uri="https://report-uri.cloudflare.com/cdn-cgi/beacon/expect-ct"[\r][\n]"
11/02/2019 16:44:39.467 [main] DEBUG org.apache.http.wire -  << "Server: cloudflare[\r][\n]"
11/02/2019 16:44:39.467 [main] DEBUG org.apache.http.wire -  << "CF-RAY: 4a7664a2bf398aaf-BOM[\r][\n]"
11/02/2019 16:44:39.467 [main] DEBUG org.apache.http.wire -  << "Content-Encoding: gzip[\r][\n]"
11/02/2019 16:44:39.468 [main] DEBUG org.apache.http.wire -  << "[\r][\n]"
11/02/2019 16:44:39.470 [main] DEBUG org.apache.http.impl.conn.DefaultClientConnection - Receiving response: HTTP/1.1 200 OK
11/02/2019 16:44:39.470 [main] DEBUG org.apache.http.headers - << HTTP/1.1 200 OK
11/02/2019 16:44:39.470 [main] DEBUG org.apache.http.headers - << Date: Mon, 11 Feb 2019 11:14:39 GMT
11/02/2019 16:44:39.471 [main] DEBUG org.apache.http.headers - << Content-Type: application/json;charset=UTF-8
11/02/2019 16:44:39.471 [main] DEBUG org.apache.http.headers - << Transfer-Encoding: chunked
11/02/2019 16:44:39.471 [main] DEBUG org.apache.http.headers - << Connection: keep-alive
11/02/2019 16:44:39.471 [main] DEBUG org.apache.http.headers - << Set-Cookie: __cfduid=d3c156880e1e033ac01a38d17c2802b861549883679; expires=Tue, 11-Feb-20 11:14:39 GMT; path=/; domain=.demandware.net; HttpOnly
11/02/2019 16:44:39.471 [main] DEBUG org.apache.http.headers - << x-dw-request-base-id: kLdXtx9ZYVwBAAB_
11/02/2019 16:44:39.471 [main] DEBUG org.apache.http.headers - << Access-Control-Allow-Origin: https://www.dummyapi.com
11/02/2019 16:44:39.472 [main] DEBUG org.apache.http.headers - << Access-Control-Expose-Headers: etag,location,x-dw-version-status,x-dw-resource-state,authorization,x-dw-request-base-id
11/02/2019 16:44:39.472 [main] DEBUG org.apache.http.headers - << Access-Control-Allow-Credentials: true
11/02/2019 16:44:39.472 [main] DEBUG org.apache.http.headers - << Allow: GET,HEAD,OPTIONS
11/02/2019 16:44:39.472 [main] DEBUG org.apache.http.headers - << x-dw-version-status: deprecated
11/02/2019 16:44:39.472 [main] DEBUG org.apache.http.headers - << Cache-Control: max-age=28,must-revalidate
11/02/2019 16:44:39.472 [main] DEBUG org.apache.http.headers - << Expect-CT: max-age=604800, report-uri="https://report-uri.cloudflare.com/cdn-cgi/beacon/expect-ct"
11/02/2019 16:44:39.472 [main] DEBUG org.apache.http.headers - << Server: cloudflare
11/02/2019 16:44:39.473 [main] DEBUG org.apache.http.headers - << CF-RAY: 4a7664a2bf398aaf-BOM
11/02/2019 16:44:39.473 [main] DEBUG org.apache.http.headers - << Content-Encoding: gzip
11/02/2019 16:44:39.483 [main] DEBUG org.apache.http.impl.client.DefaultHttpClient - Connection can be kept alive indefinitely
11/02/2019 16:44:39.510 [main] DEBUG io.restassured.internal.RequestSpecificationImpl$RestAssuredHttpBuilder - Parsing response as: application/json;charset=UTF-8
11/02/2019 16:44:39.512 [main] DEBUG org.apache.http.wire -  << "9e[\r][\n]"
11/02/2019 16:44:39.512 [main] DEBUG org.apache.http.wire -  << "[0x1f][0x8b][0x8][0x0][0x0][0x0][0x0][0x0][0x0][0x3]4[0xcb][0xb1][0xe][0x82]0[0x14]F[0xe1]w[0xf9][0xe7]B[0xb8][\r][0x3]v[0x15][0x7][0x6][0x17]uri*[0xde][0x18][0x4]i[0xd3][0xde][0x1a][0x89][0xf1][0xdd]M$[0xae]'[0xdf]y[0xc3]>a@M[0xd9]@[0xc1][0xca][0x12][0x18][0x6]}N[0xe2][0x1f][0xd6]_[0xee][0xdc][0xb][0x14]F^l[0x88]>p[0x94][0x5][0x6]i[0x10][0xee]Z[0xcb][0xaf][0xe0][0xa3]t-[0x14]V[0xf9][0xdf][0xf7].[0x8e],[0xc3]|[0xdb]N>_['n[0xf7][0xa3]Gq[0x92][0x13][0x14]z;[0xb9]$k<[0xe4][0x19][0x6][0xba][0xa2]MQ[0xe9][0x82][0xe8]DdH[0x9b][0x8a][0xca][0xba][0xd6]g|[0xbe][0x0][0x0][0x0][0xff][0xff][0x3][0x0][0x9][0xed][0xfd][0xc6][0xa2][0x0][0x0][0x0]"
11/02/2019 16:44:39.512 [main] DEBUG org.apache.http.wire -  << "[\r][\n]"
11/02/2019 16:44:39.513 [main] DEBUG org.apache.http.wire -  << "0[\r][\n]"
11/02/2019 16:44:39.513 [main] DEBUG org.apache.http.wire -  << "[\r][\n]"
11/02/2019 16:44:39.513 [main] DEBUG io.restassured.internal.RequestSpecificationImpl$RestAssuredHttpBuilder - Parsed data to instance of: class org.apache.http.conn.EofSensorInputStream
11/02/2019 16:44:39.594 [main] DEBUG org.apache.http.impl.conn.BasicClientConnectionManager - Releasing connection org.apache.http.impl.conn.ManagedClientConnectionImpl@23aae55
11/02/2019 16:44:39.594 [main] DEBUG org.apache.http.impl.conn.BasicClientConnectionManager - Connection can be kept alive indefinitely
11/02/2019 16:44:39.599 [main] INFO  Testcase.RegressionTest - Contents fetched successfully
11/02/2019 16:44:39.599 [main] INFO  Testcase.RegressionTest - {"_v":"18.8","_type":"custom_object","key_property":"siteID_exportID","object_type":"MarketingCloudDataExportStatus","c_lastExportRun":"2019-02-11T11:12:01.442Z"}
